<?xml version="1.0" encoding="UTF-8" ?>
<testsuite errors="0" skipped="28" tests="159" time="14.688" failures="0" name="TestSuite">
  <properties>
[...]
</properties>
  <testcase classname="org.broadleafcommerce.profile.service.CustomerPhoneControllerTest" time="0.37" name="createCustomerPhoneFromController"/>
  <testcase classname="org.broadleafcommerce.profile.service.CustomerPhoneControllerTest" time="0.007" name="createCustomerPhoneFromController"/>
  <testcase classname="org.broadleafcommerce.profile.service.CustomerPhoneControllerTest" time="0.007" name="readCustomerPhoneFromController"/>
  <testcase classname="org.broadleafcommerce.profile.service.CustomerPhoneControllerTest" time="0.008" name="makePhoneDefaultOnCustomerPhoneController"/>
  <testcase classname="org.broadleafcommerce.profile.service.AddressTest" time="0.003" name="createCountry"/>
  <testcase classname="org.broadleafcommerce.profile.service.CustomerTest" time="0.001" name="createCustomerIdGeneration"/>
  <testcase classname="org.broadleafcommerce.profile.service.AddressTest" time="0.011" name="createState"/>
  <testcase classname="org.broadleafcommerce.profile.service.AddressTest" time="0.003" name="findStates"/>
  <testcase classname="org.broadleafcommerce.profile.service.AddressTest" time="0.021" name="findStateByAbbreviation"/>
  <testcase classname="org.broadleafcommerce.profile.service.CustomerPhoneControllerTest" time="0.003" name="viewExistingCustomerPhoneFromController"/>
  <testcase classname="org.broadleafcommerce.offer.service.OfferTest" time="0.018" name="createSku1"/>
  <testcase classname="org.broadleafcommerce.profile.service.AddressTest" time="0.001" name="findCountries"/>
  <testcase classname="org.broadleafcommerce.profile.service.CustomerTest" time="0.021" name="createCustomer"/>
  <testcase classname="org.broadleafcommerce.profile.service.CustomerTest" time="0.005" name="createCustomer"/>
  <testcase classname="org.broadleafcommerce.profile.service.CustomerTest" time="0.007" name="readCustomersByUsername1"/>
  <testcase classname="org.broadleafcommerce.profile.service.CustomerTest" time="0.005" name="changeCustomerPasswords"/>
  <testcase classname="org.broadleafcommerce.profile.service.CustomerTest" time="0.003" name="readCustomersByUsername2"/>
  <testcase classname="org.broadleafcommerce.profile.service.PhoneTest" time="0.001" name="createPhone"/>
  <testcase classname="org.broadleafcommerce.order.service.OrderTest" time="0.138" name="createCartForCustomer"/>
  <testcase classname="org.broadleafcommerce.profile.service.CustomerAddressTest" time="0.008" name="createCustomerAddress"/>
  <testcase classname="org.broadleafcommerce.profile.service.CustomerAddressTest" time="0.006" name="createCustomerAddress"/>
  <testcase classname="org.broadleafcommerce.profile.service.AddressTest" time="0" name="findCountryByShortName"/>
  <testcase classname="org.broadleafcommerce.profile.service.IdGenerationTest" time="0.002" name="createId"/>
  <testcase classname="org.broadleafcommerce.profile.service.IdGenerationTest" time="0.015" name="findIds"/>
  <testcase classname="org.broadleafcommerce.catalog.dao.ProductDaoTest" time="0.003" name="createProducts"/>
  <testcase classname="org.broadleafcommerce.catalog.dao.ProductDaoTest" time="0.002" name="createProducts"/>
  <testcase classname="org.broadleafcommerce.catalog.dao.ProductDaoTest" time="0.003" name="createProducts"/>
  <testcase classname="org.broadleafcommerce.catalog.dao.ProductDaoTest" time="0.002" name="createProducts"/>
  <testcase classname="org.broadleafcommerce.catalog.dao.ProductDaoTest" time="0.002" name="createProducts"/>
  <testcase classname="org.broadleafcommerce.catalog.dao.ProductDaoTest" time="0.002" name="createProducts"/>
  <testcase classname="org.broadleafcommerce.catalog.dao.ProductDaoTest" time="0.002" name="createProducts"/>
  <testcase classname="org.broadleafcommerce.catalog.dao.ProductDaoTest" time="0.017" name="createUpSaleValues"/>
  <testcase classname="org.broadleafcommerce.catalog.dao.ProductDaoTest" time="0.005" name="createUpSaleValues"/>
  <testcase classname="org.broadleafcommerce.catalog.dao.ProductDaoTest" time="0.095" name="testReadProductsWithUpSaleValues"/>
  <testcase classname="org.broadleafcommerce.catalog.dao.ProductDaoTest" time="0.004" name="testReadProductsWithUpSaleValues"/>
  <testcase classname="org.broadleafcommerce.catalog.dao.ProductDaoTest" time="0.008" name="createCrossSaleValues"/>
  <testcase classname="org.broadleafcommerce.catalog.dao.ProductDaoTest" time="0.005" name="createCrossSaleValues"/>
  <testcase classname="org.broadleafcommerce.order.service.OrderTest" time="0.005" name="findCurrentCartForCustomer"/>
  <testcase classname="org.broadleafcommerce.order.service.OrderTest" time="0.01" name="getOrdersForCustomer"/>
  <testcase classname="org.broadleafcommerce.order.service.OrderTest" time="0.004" name="findCartForAnonymousCustomer"/>
  <testcase classname="org.broadleafcommerce.order.service.OrderTest" time="0.012" name="findOrderByOrderNumber"/>
  <testcase classname="org.broadleafcommerce.profile.service.PhoneTest" time="0.002" name="readPhoneById"/>
  <testcase classname="org.broadleafcommerce.offer.service.OfferTest" time="0.002" name="createSku2"/>
  <testcase classname="org.broadleafcommerce.offer.service.OfferTest" time="0.37" name="testOfferUsedForPricing"/>
  <testcase classname="org.broadleafcommerce.offer.service.OfferTest" time="0.017" name="testOfferNotStackableItemOffers"/>
  <testcase classname="org.broadleafcommerce.offer.service.OfferTest" time="0.018" name="testOfferNotCombinableItemOffers"/>
  <testcase classname="org.broadleafcommerce.offer.service.OfferTest" time="0.022" name="testOfferLowerSalePrice"/>
  <testcase classname="org.broadleafcommerce.order.service.OrderTest" time="0.009" name="findNamedOrderForCustomer"/>
  <testcase classname="org.broadleafcommerce.order.service.OrderTest" time="0.005" name="testSubmitOrder"/>
  <testcase classname="org.broadleafcommerce.order.service.OrderTest" time="0.01" name="testReadOrdersForCustomer"/>
  <testcase classname="org.broadleafcommerce.order.service.OrderTest" time="0.003" name="testOrderProperties"/>
  <testcase classname="org.broadleafcommerce.order.service.OrderTest" time="0.021" name="testNamedOrderForCustomer"/>
  <testcase classname="org.broadleafcommerce.order.service.OrderTest" time="0.186" name="testAddSkuToOrder"/>
  <testcase classname="org.broadleafcommerce.order.service.OrderTest" time="0.019" name="testOrderPaymentInfos"/>
  <testcase classname="org.broadleafcommerce.profile.service.CustomerTest" time="0.001" name="readCustomersById"/>
  <testcase classname="org.broadleafcommerce.profile.service.CustomerAddressTest" time="0.002" name="readCustomerAddressByUserId"/>
  <testcase classname="org.broadleafcommerce.inventory.service.SkuAvailabilityTest" time="0.008" name="createSkuAvailability"/>
  <testcase classname="org.broadleafcommerce.inventory.service.SkuAvailabilityTest" time="0.004" name="createSkuAvailability"/>
  <testcase classname="org.broadleafcommerce.inventory.service.SkuAvailabilityTest" time="0.001" name="createSkuAvailability"/>
  <testcase classname="org.broadleafcommerce.inventory.service.SkuAvailabilityTest" time="0.001" name="createSkuAvailability"/>
  <testcase classname="org.broadleafcommerce.inventory.service.SkuAvailabilityTest" time="0.003" name="createSkuAvailability"/>
  <testcase classname="org.broadleafcommerce.inventory.service.SkuAvailabilityTest" time="0.001" name="createSkuAvailability"/>
  <testcase classname="org.broadleafcommerce.inventory.service.SkuAvailabilityTest" time="0.001" name="createSkuAvailability"/>
  <testcase classname="org.broadleafcommerce.inventory.service.SkuAvailabilityTest" time="0.001" name="createSkuAvailability"/>
  <testcase classname="org.broadleafcommerce.inventory.service.SkuAvailabilityTest" time="0.001" name="createSkuAvailability"/>
  <testcase classname="org.broadleafcommerce.inventory.service.SkuAvailabilityTest" time="0.001" name="createSkuAvailability"/>
  <testcase classname="org.broadleafcommerce.inventory.service.SkuAvailabilityTest" time="0.001" name="checkAvailableQuantityWithReserveAndQOH"/>
  <testcase classname="org.broadleafcommerce.inventory.service.SkuAvailabilityTest" time="0.011" name="readAvailableSkusForLocation"/>
  <testcase classname="org.broadleafcommerce.inventory.service.SkuAvailabilityTest" time="0.003" name="checkAvailableQuantityWithNullQuantityOnHand"/>
  <testcase classname="org.broadleafcommerce.inventory.service.SkuAvailabilityTest" time="0.001" name="readAvailableSkusForUnknownLocation"/>
  <testcase classname="org.broadleafcommerce.order.dao.OrderDaoTest" time="0.002" name="createOrder"/>
  <testcase classname="org.broadleafcommerce.order.dao.FulfillmentGroupDaoTest" time="0.108" name="createDefaultFulfillmentGroup"/>
  <testcase classname="org.broadleafcommerce.order.dao.FulfillmentGroupDaoTest" time="0.002" name="readDefaultFulfillmentGroupForOrder"/>
  <testcase classname="org.broadleafcommerce.payment.service.PaymentInfoServiceTest" time="0.007" name="createPaymentInfo"/>
  <testcase classname="org.broadleafcommerce.payment.service.PaymentInfoServiceTest" time="0.001" name="readPaymentInfoByOrder"/>
  <testcase classname="org.broadleafcommerce.payment.service.PaymentInfoServiceTest" time="0.036" name="readPaymentInfoById"/>
  <testcase classname="org.broadleafcommerce.order.dao.OrderDaoTest" time="0.003" name="readOrdersForCustomer"/>
  <testcase classname="org.broadleafcommerce.order.dao.OrderDaoTest" time="0.001" name="readOrderById"/>
  <testcase classname="org.broadleafcommerce.order.dao.FulfillmentGroupDaoTest" time="0.007" name="createFulfillmentGroup"/>
  <testcase classname="org.broadleafcommerce.order.dao.FulfillmentGroupDaoTest" time="0.003" name="readFulfillmentGroupsForId"/>
  <testcase classname="org.broadleafcommerce.catalog.dao.SkuDaoTest" time="0.017" name="createSku">
    <skipped/>
  </testcase>
  <testcase classname="org.broadleafcommerce.catalog.dao.SkuDaoTest" time="0.017" name="readFirstSku">
    <skipped/>
  </testcase>
  <testcase classname="org.broadleafcommerce.order.service.OrderTest" time="0.018" name="addItemToOrder">
    <skipped/>
  </testcase>
  <testcase classname="org.broadleafcommerce.catalog.dao.SkuDaoTest" time="0.018" name="readSkuById">
    <skipped/>
  </testcase>
  <testcase classname="org.broadleafcommerce.order.service.OrderTest" time="0.021" name="addAnotherItemToOrder">
    <skipped/>
  </testcase>
  <testcase classname="org.broadleafcommerce.order.service.OrderTest" time="0.021" name="addBundleToOrder">
    <skipped/>
  </testcase>
  <testcase classname="org.broadleafcommerce.order.service.OrderTest" time="0.021" name="removeBundleFromOrder">
    <skipped/>
  </testcase>
  <testcase classname="org.broadleafcommerce.order.service.OrderTest" time="0.022" name="getItemsForOrder">
    <skipped/>
  </testcase>
  <testcase classname="org.broadleafcommerce.offer.service.OfferServiceTest" time="0.036" name="applyOffersToOrder">
    <skipped/>
  </testcase>
  <testcase classname="org.broadleafcommerce.order.service.OrderTest" time="0.036" name="removeItemFromOrder">
    <skipped/>
  </testcase>
  <testcase classname="org.broadleafcommerce.order.service.OrderTest" time="0.036" name="updateItemsInOrder">
    <skipped/>
  </testcase>
  <testcase classname="org.broadleafcommerce.order.dao.OrderDaoTest" time="0.011" name="deleteOrderForCustomer"/>
  <testcase classname="org.broadleafcommerce.inventory.service.SkuAvailabilityTest" time="0.007" name="readSKUAvailabilityEntries"/>
  <testcase classname="org.broadleafcommerce.offer.service.OfferTest" time="0.025" name="testOfferLowerSalePriceWithNotCombinableOffer"/>
  <testcase classname="org.broadleafcommerce.offer.service.OfferTest" time="0.016" name="testOfferLowerSalePriceWithNotCombinableOffer2"/>
  <testcase classname="org.broadleafcommerce.offer.service.OfferTest" time="0.025" name="testOfferNotStackableOrderOffers"/>
  <testcase classname="org.broadleafcommerce.profile.service.CustomerPhoneTest" time="0.004" name="createCustomerPhone"/>
  <testcase classname="org.broadleafcommerce.profile.service.CustomerPhoneTest" time="0.004" name="createCustomerPhone"/>
  <testcase classname="org.broadleafcommerce.profile.service.CustomerPhoneTest" time="0.015" name="readCustomerPhoneByUserId"/>
  <testcase classname="org.broadleafcommerce.inventory.service.SkuAvailabilityTest" time="0.006" name="checkAvailableQuantityWithNullReserveQty"/>
  <testcase classname="org.broadleafcommerce.pricing.service.PricingTest" time="0.003" name="testShippingInsert"/>
  <testcase classname="org.broadleafcommerce.pricing.service.PricingTest" time="0.009" name="testPricing"/>
  <testcase classname="org.broadleafcommerce.checkout.service.CheckoutTest" time="0.03" name="testCheckout"/>
  <testcase classname="org.broadleafcommerce.pricing.service.PricingTest" time="0.004" name="testShipping"/>
  <testcase classname="org.broadleafcommerce.order.dao.OrderItemDaoTest" time="0.029" name="createDiscreteOrderItem">
    <skipped/>
  </testcase>
  <testcase classname="org.broadleafcommerce.order.dao.FulfillmentGroupItemDaoTest" time="0.054" name="createFulfillmentGroupItem">
    <skipped/>
  </testcase>
  <testcase classname="org.broadleafcommerce.order.dao.FulfillmentGroupItemDaoTest" time="0.054" name="readFulfillmentGroupItemsById">
    <skipped/>
  </testcase>
  <testcase classname="org.broadleafcommerce.order.dao.FulfillmentGroupItemDaoTest" time="0.054" name="readFulfillmentGroupItemsForFulfillmentGroup">
    <skipped/>
  </testcase>
  <testcase classname="org.broadleafcommerce.order.dao.OrderItemDaoTest" time="0.055" name="readOrderItemsById">
    <skipped/>
  </testcase>
  <testcase classname="org.broadleafcommerce.order.dao.OrderItemDaoTest" time="0.055" name="createGiftWrapOrderItem">
    <skipped/>
  </testcase>
  <testcase classname="org.broadleafcommerce.order.dao.OrderItemDaoTest" time="0.056" name="readGiftWrapOrderItemsById">
    <skipped/>
  </testcase>
  <testcase classname="org.broadleafcommerce.order.dao.OrderItemDaoTest" time="0.056" name="deleteGiftWrapOrderItemsById">
    <skipped/>
  </testcase>
  <testcase classname="org.broadleafcommerce.order.dao.OrderItemDaoTest" time="0.056" name="readOrderItemsByIdAfterGiftWrapDeletion">
    <skipped/>
  </testcase>
  <testcase classname="org.broadleafcommerce.offer.service.OfferTest" time="0.042" name="testOfferLowerSalePriceWithNotCombinableOfferAndInformation"/>
  <testcase classname="org.broadleafcommerce.order.dao.FulfillmentGroupDaoTest" time="0.001" name="readDefaultFulfillmentGroupForId"/>
  <testcase classname="org.broadleafcommerce.catalog.dao.ProductDaoTest" time="0.004" name="testReadProductsWithCrossSaleValues"/>
  <testcase classname="org.broadleafcommerce.catalog.dao.ProductDaoTest" time="0.003" name="testReadProductsWithCrossSaleValues"/>
  <testcase classname="org.broadleafcommerce.order.service.OrderTest" time="0.003" name="checkOrderItems">
    <skipped/>
  </testcase>
  <testcase classname="org.broadleafcommerce.order.service.OrderTest" time="0.004" name="addPaymentToOrder">
    <skipped/>
  </testcase>
  <testcase classname="org.broadleafcommerce.order.service.OrderTest" time="0.004" name="addFulfillmentGroupToOrderFirst">
    <skipped/>
  </testcase>
  <testcase classname="org.broadleafcommerce.order.service.OrderTest" time="0.005" name="removeFulfillmentGroupFromOrder">
    <skipped/>
  </testcase>
  <testcase classname="org.broadleafcommerce.order.service.OrderTest" time="0.005" name="addItemToFulfillmentgroupSecond">
    <skipped/>
  </testcase>
  <testcase classname="org.broadleafcommerce.order.service.OrderTest" time="0.005" name="findFillmentGroupForOrderFirst">
    <skipped/>
  </testcase>
  <testcase classname="org.broadleafcommerce.order.service.OrderTest" time="0.006" name="findDefaultFillmentGroupForOrder">
    <skipped/>
  </testcase>
  <testcase classname="org.broadleafcommerce.order.service.OrderTest" time="0.006" name="removeItemFromOrderAfterFulfillmentGroups">
    <skipped/>
  </testcase>
  <testcase classname="org.broadleafcommerce.offer.service.OfferTest" time="0.031" name="testOfferNotCombinableOrderOffers"/>
  <testcase classname="org.broadleafcommerce.offer.service.OfferTest" time="0.015" name="testOfferNotCombinableOrderOffersWithItemOffer"/>
  <testcase classname="org.broadleafcommerce.offer.service.OfferTest" time="0.014" name="testGlobalOffers"/>
  <testcase classname="org.broadleafcommerce.offer.service.OfferTest" time="0.019" name="testCustomerAssociatedOffers"/>
  <testcase classname="org.broadleafcommerce.offer.service.OfferTest" time="0.064" name="testFulfillmentGroupOffers"/>
  <testcase classname="org.broadleafcommerce.offer.service.OfferTest" time="0.019" name="testOfferDelete"/>
  <testcase classname="org.broadleafcommerce.offer.service.OfferTest" time="0.005" name="testReadAllOffers"/>
  <testcase classname="org.broadleafcommerce.offer.service.OfferTest" time="0.004" name="testOfferCodeDao"/>
  <testcase classname="org.broadleafcommerce.offer.service.OfferTest" time="0.002" name="testCustomerOffers"/>
  <testcase classname="org.broadleafcommerce.payment.service.PaymentInfoServiceTest" time="0.004" name="createTestPaymentInfo"/>
  <testcase classname="org.broadleafcommerce.catalog.dao.CategoryDaoTest" time="0.003" name="testSetFeaturedProducts"/>
  <testcase classname="org.broadleafcommerce.catalog.dao.ProductDaoTest" time="0.002" name="testReadProductsById"/>
  <testcase classname="org.broadleafcommerce.catalog.dao.ProductDaoTest" time="0.002" name="testReadProductsByName"/>
  <testcase classname="org.broadleafcommerce.catalog.dao.ProductDaoTest" time="0.001" name="testFeaturedProduct"/>
  <testcase classname="org.broadleafcommerce.catalog.dao.ProductDaoTest" time="0.003" name="testProductAttributes"/>
  <testcase classname="org.broadleafcommerce.catalog.service.CatalogTest" time="0" name="testSkus"/>
  <testcase classname="org.broadleafcommerce.catalog.service.CatalogTest" time="0.025" name="testCatalog"/>
  <testcase classname="org.broadleafcommerce.email.service.EmailTest" time="0.155" name="testSynchronousEmail"/>
  <testcase classname="org.broadleafcommerce.extensibility.ExtensibilityTest" time="0.146" name="test"/>
  <testcase classname="org.broadleafcommerce.layout.PaginationCommandObjectTest" time="0.001" name="testDisplayList"/>
  <testcase classname="org.broadleafcommerce.layout.PaginationCommandObjectTest" time="0.001" name="testIndices"/>
  <testcase classname="org.broadleafcommerce.layout.PaginationCommandObjectTest" time="0.001" name="testFullList"/>
  <testcase classname="org.broadleafcommerce.offer.service.MVELTest" time="0.023" name="testOfferAppliesToItemsInCategoryAndOrderValueGreaterThanFifty"/>
  <testcase classname="org.broadleafcommerce.offer.service.MVELTest" time="0.056" name="testBasicMVELFunctions"/>
  <testcase classname="org.broadleafcommerce.offer.service.MVELTest" time="0.005" name="testOfferAppliesToFulfillmentGroup"/>
  <testcase classname="org.broadleafcommerce.offer.service.MVELTest" time="0.003" name="testOfferAppliesToSpecificItems"/>
  <testcase classname="org.broadleafcommerce.order.service.OrderTest" time="0.002" name="findCartForNullCustomerId"/>
  <testcase classname="org.broadleafcommerce.profile.service.CustomerPhoneControllerTest" time="0.001" name="viewCustomerPhoneFromController"/>
  <testcase classname="org.broadleafcommerce.profile.service.RegisterCustomerControllerTest" time="0.031" name="createCustomerFromController"/>
  <testcase classname="org.broadleafcommerce.profile.service.RegisterCustomerControllerTest" time="0" name="viewRegisterCustomerFromController"/>
  <testcase classname="org.broadleafcommerce.security.service.AdminPermissionTest" time="0.017" name="testAdminPermissionSave"/>
  <testcase classname="org.broadleafcommerce.security.service.AdminRoleTest" time="0.019" name="testAdminRoleSave"/>
  <testcase classname="org.broadleafcommerce.security.service.AdminUserTest" time="0.021" name="testAdminUserSave"/>
  <testcase classname="org.broadleafcommerce.test.OrmTest" time="0" name="testMappings"/>
</testsuite>