<?xml version="1.0" encoding="UTF-8" ?>
<testsuite errors="0" skipped="11" tests="12" time="7.562" failures="1" name="TestSuite">
  <properties>
[...]
</properties>
  <testcase classname="org.broadleafcommerce.profile.PhoneTest" time="0" name="springTestContextPrepareTestInstance">
    <failure type="java.lang.NoClassDefFoundError" message="javax/servlet/http/HttpServletRequest">java.lang.NoClassDefFoundError: javax/servlet/http/HttpServletRequest
	at java.lang.Class.getDeclaredMethods0(Native Method)
	at java.lang.Class.privateGetDeclaredMethods(Class.java:2395)
	at java.lang.Class.getDeclaredMethods(Class.java:1763)
	at org.springframework.util.ReflectionUtils.doWithMethods(ReflectionUtils.java:460)
	at org.springframework.util.ReflectionUtils.doWithMethods(ReflectionUtils.java:443)
	at org.springframework.orm.jpa.support.PersistenceAnnotationBeanPostProcessor.findPersistenceMetadata(PersistenceAnnotationBeanPostProcessor.java:363)
	at org.springframework.orm.jpa.support.PersistenceAnnotationBeanPostProcessor.postProcessMergedBeanDefinition(PersistenceAnnotationBeanPostProcessor.java:296)
	at org.springframework.beans.factory.support.AbstractAutowireCapableBeanFactory.applyMergedBeanDefinitionPostProcessors(AbstractAutowireCapableBeanFactory.java:745)
	at org.springframework.beans.factory.support.AbstractAutowireCapableBeanFactory.doCreateBean(AbstractAutowireCapableBeanFactory.java:448)
	at org.springframework.beans.factory.support.AbstractAutowireCapableBeanFactory$1.run(AbstractAutowireCapableBeanFactory.java:409)
	at java.security.AccessController.doPrivileged(Native Method)
	at org.springframework.beans.factory.support.AbstractAutowireCapableBeanFactory.createBean(AbstractAutowireCapableBeanFactory.java:380)
	at org.springframework.beans.factory.support.AbstractBeanFactory$1.getObject(AbstractBeanFactory.java:264)
	at org.springframework.beans.factory.support.DefaultSingletonBeanRegistry.getSingleton(DefaultSingletonBeanRegistry.java:222)
	at org.springframework.beans.factory.support.AbstractBeanFactory.doGetBean(AbstractBeanFactory.java:261)
	at org.springframework.beans.factory.support.AbstractBeanFactory.getBean(AbstractBeanFactory.java:185)
	at org.springframework.beans.factory.support.AbstractBeanFactory.getBean(AbstractBeanFactory.java:164)
	at org.springframework.beans.factory.support.DefaultListableBeanFactory.preInstantiateSingletons(DefaultListableBeanFactory.java:429)
	at org.springframework.context.support.AbstractApplicationContext.finishBeanFactoryInitialization(AbstractApplicationContext.java:728)
	at org.springframework.context.support.AbstractApplicationContext.refresh(AbstractApplicationContext.java:380)
	at org.springframework.test.context.support.AbstractGenericContextLoader.loadContext(AbstractGenericContextLoader.java:84)
	at org.springframework.test.context.support.AbstractGenericContextLoader.loadContext(AbstractGenericContextLoader.java:42)
	at org.springframework.test.context.TestContext.loadApplicationContext(TestContext.java:173)
	at org.springframework.test.context.TestContext.getApplicationContext(TestContext.java:197)
	at org.springframework.test.context.support.DependencyInjectionTestExecutionListener.injectDependencies(DependencyInjectionTestExecutionListener.java:109)
	at org.springframework.test.context.support.DependencyInjectionTestExecutionListener.prepareTestInstance(DependencyInjectionTestExecutionListener.java:75)
	at org.springframework.test.context.TestContextManager.prepareTestInstance(TestContextManager.java:255)
	at org.springframework.test.context.testng.AbstractTestNGSpringContextTests.springTestContextPrepareTestInstance(AbstractTestNGSpringContextTests.java:117)
	at sun.reflect.NativeMethodAccessorImpl.invoke0(Native Method)
	at sun.reflect.NativeMethodAccessorImpl.invoke(NativeMethodAccessorImpl.java:39)
	at sun.reflect.DelegatingMethodAccessorImpl.invoke(DelegatingMethodAccessorImpl.java:25)
	at java.lang.reflect.Method.invoke(Method.java:585)
	at org.testng.internal.MethodHelper.invokeMethod(MethodHelper.java:607)
	at org.testng.internal.Invoker.invokeConfigurationMethod(Invoker.java:417)
	at org.testng.internal.Invoker.invokeConfigurations(Invoker.java:154)
	at org.testng.internal.Invoker.invokeConfigurations(Invoker.java:88)
	at org.testng.internal.TestMethodWorker.invokeBeforeClassMethods(TestMethodWorker.java:167)
	at org.testng.internal.TestMethodWorker.run(TestMethodWorker.java:104)
	at org.testng.TestRunner.runWorkers(TestRunner.java:759)
	at org.testng.TestRunner.privateRun(TestRunner.java:592)
	at org.testng.TestRunner.run(TestRunner.java:486)
	at org.testng.SuiteRunner.runTest(SuiteRunner.java:332)
	at org.testng.SuiteRunner.runSequentially(SuiteRunner.java:327)
	at org.testng.SuiteRunner.privateRun(SuiteRunner.java:299)
	at org.testng.SuiteRunner.run(SuiteRunner.java:204)
	at org.testng.TestNG.createAndRunSuiteRunners(TestNG.java:877)
	at org.testng.TestNG.runSuitesLocally(TestNG.java:842)
	at org.testng.TestNG.run(TestNG.java:751)
	at org.apache.maven.surefire.testng.TestNGExecutor.run(TestNGExecutor.java:62)
	at org.apache.maven.surefire.testng.TestNGDirectoryTestSuite.execute(TestNGDirectoryTestSuite.java:141)
	at org.apache.maven.surefire.Surefire.run(Surefire.java:177)
	at sun.reflect.NativeMethodAccessorImpl.invoke0(Native Method)
	at sun.reflect.NativeMethodAccessorImpl.invoke(NativeMethodAccessorImpl.java:39)
	at sun.reflect.DelegatingMethodAccessorImpl.invoke(DelegatingMethodAccessorImpl.java:25)
	at java.lang.reflect.Method.invoke(Method.java:585)
	at org.apache.maven.surefire.booter.SurefireBooter.runSuitesInProcess(SurefireBooter.java:338)
	at org.apache.maven.surefire.booter.SurefireBooter.main(SurefireBooter.java:997)
</failure>
  </testcase>
  <testcase classname="org.broadleafcommerce.profile.PhoneTest" time="0.006" name="setup">
    <skipped/>
  </testcase>
  <testcase classname="org.broadleafcommerce.profile.PhoneTest" time="0.006" name="createPhone">
    <skipped/>
  </testcase>
  <testcase classname="org.broadleafcommerce.profile.PhoneTest" time="0.007" name="readPhoneById">
    <skipped/>
  </testcase>
  <testcase classname="org.broadleafcommerce.profile.PhoneTest" time="0.007" name="tearDown">
    <skipped/>
  </testcase>
  <testcase classname="org.broadleafcommerce.catalog.service.CatalogTest" time="0.007" name="springTestContextPrepareTestInstance">
    <skipped/>
  </testcase>
  <testcase classname="org.broadleafcommerce.catalog.service.CatalogTest" time="0.007" name="setup">
    <skipped/>
  </testcase>
  <testcase classname="org.broadleafcommerce.catalog.service.CatalogTest" time="0.008" name="springTestContextBeforeTestMethod">
    <skipped/>
  </testcase>
  <testcase classname="org.broadleafcommerce.catalog.service.CatalogTest" time="0.001" name="testSkus">
    <skipped/>
  </testcase>
  <testcase classname="org.broadleafcommerce.catalog.service.CatalogTest" time="0.001" name="springTestContextBeforeTestMethod">
    <skipped/>
  </testcase>
  <testcase classname="org.broadleafcommerce.catalog.service.CatalogTest" time="0" name="testCatalog">
    <skipped/>
  </testcase>
  <testcase classname="org.broadleafcommerce.catalog.service.CatalogTest" time="0" name="tearDown">
    <skipped/>
  </testcase>
</testsuite>