<?xml version="1.0" encoding="UTF-8"?>
<testsuite name="broadleafcommerce-layout" failures="0" tests="3" time="0.311" errors="0">
  <properties/>
  <testcase name="testDisplayList" time="0.0020" classname="org.broadleafcommerce.layout.PaginationCommandObjectTest"/>
  <testcase name="testIndices" time="0.0010" classname="org.broadleafcommerce.layout.PaginationCommandObjectTest"/>
  <testcase name="testFullList" time="0.0010" classname="org.broadleafcommerce.layout.PaginationCommandObjectTest"/>
</testsuite>
