<testng-results>
  <reporter-output>
  </reporter-output>
  <suite name="Command line suite">
    <groups>
      <group name="addPaymentToOrder">
        <method signature="org.broadleafcommerce.order.service.OrderTest.addPaymentToOrder(org.broadleafcommerce.payment.domain.PaymentInfo)" name="addPaymentToOrder" class="org.broadleafcommerce.order.service.OrderTest"/>
      </group>
      <group name="testOrderPaymentInfos">
        <method signature="org.broadleafcommerce.order.service.OrderTest.testOrderPaymentInfos(org.broadleafcommerce.payment.domain.PaymentInfo)" name="testOrderPaymentInfos" class="org.broadleafcommerce.order.service.OrderTest"/>
      </group>
      <group name="offerCreateSku1">
        <method signature="org.broadleafcommerce.offer.service.OfferTest.createSku1(org.broadleafcommerce.catalog.domain.Sku)" name="createSku1" class="org.broadleafcommerce.offer.service.OfferTest"/>
      </group>
      <group name="readFulfillmentGroupItemsById">
        <method signature="org.broadleafcommerce.order.dao.FulfillmentGroupItemDaoTest.readFulfillmentGroupItemsById()" name="readFulfillmentGroupItemsById" class="org.broadleafcommerce.order.dao.FulfillmentGroupItemDaoTest"/>
      </group>
      <group name="createGiftWrapOrderItem">
        <method signature="org.broadleafcommerce.order.dao.OrderItemDaoTest.createGiftWrapOrderItem(org.broadleafcommerce.order.domain.GiftWrapOrderItem)" name="createGiftWrapOrderItem" class="org.broadleafcommerce.order.dao.OrderItemDaoTest"/>
      </group>
      <group name="testReadProductsWithUpSaleValues">
        <method signature="org.broadleafcommerce.catalog.dao.ProductDaoTest.testReadProductsWithUpSaleValues(org.broadleafcommerce.catalog.domain.Product)" name="testReadProductsWithUpSaleValues" class="org.broadleafcommerce.catalog.dao.ProductDaoTest"/>
      </group>
      <group name="testOfferLowerSalePriceWithNotCombinableOfferAndInformation">
        <method signature="org.broadleafcommerce.offer.service.OfferTest.testOfferLowerSalePriceWithNotCombinableOfferAndInformation()" name="testOfferLowerSalePriceWithNotCombinableOfferAndInformation" class="org.broadleafcommerce.offer.service.OfferTest"/>
      </group>
      <group name="findOrderByOrderNumber">
        <method signature="org.broadleafcommerce.order.service.OrderTest.findOrderByOrderNumber()" name="findOrderByOrderNumber" class="org.broadleafcommerce.order.service.OrderTest"/>
      </group>
      <group name="readOrderItemsById">
        <method signature="org.broadleafcommerce.order.dao.OrderItemDaoTest.readOrderItemsById()" name="readOrderItemsById" class="org.broadleafcommerce.order.dao.OrderItemDaoTest"/>
      </group>
      <group name="offerUsedForPricing">
        <method signature="org.broadleafcommerce.offer.service.OfferTest.testOfferUsedForPricing()" name="testOfferUsedForPricing" class="org.broadleafcommerce.offer.service.OfferTest"/>
      </group>
      <group name="getOrdersForCustomer">
        <method signature="org.broadleafcommerce.order.service.OrderTest.getOrdersForCustomer()" name="getOrdersForCustomer" class="org.broadleafcommerce.order.service.OrderTest"/>
      </group>
      <group name="readOrderItemsByIdAfterGiftWrapDeletion">
        <method signature="org.broadleafcommerce.order.dao.OrderItemDaoTest.readOrderItemsByIdAfterGiftWrapDeletion()" name="readOrderItemsByIdAfterGiftWrapDeletion" class="org.broadleafcommerce.order.dao.OrderItemDaoTest"/>
      </group>
      <group name="testCustomerAssociatedOffers">
        <method signature="org.broadleafcommerce.offer.service.OfferTest.testCustomerAssociatedOffers()" name="testCustomerAssociatedOffers" class="org.broadleafcommerce.offer.service.OfferTest"/>
      </group>
      <group name="testReadProductsWithCrossSaleValues">
        <method signature="org.broadleafcommerce.catalog.dao.ProductDaoTest.testReadProductsWithCrossSaleValues(org.broadleafcommerce.catalog.domain.Product)" name="testReadProductsWithCrossSaleValues" class="org.broadleafcommerce.catalog.dao.ProductDaoTest"/>
      </group>
      <group name="testAdminRoleSave">
        <method signature="org.broadleafcommerce.security.service.AdminRoleTest.testAdminRoleSave(org.broadleafcommerce.security.domain.AdminRole)" name="testAdminRoleSave" class="org.broadleafcommerce.security.service.AdminRoleTest"/>
      </group>
      <group name="testOfferLowerSalePriceWithNotCombinableOffer2">
        <method signature="org.broadleafcommerce.offer.service.OfferTest.testOfferLowerSalePriceWithNotCombinableOffer2()" name="testOfferLowerSalePriceWithNotCombinableOffer2" class="org.broadleafcommerce.offer.service.OfferTest"/>
      </group>
      <group name="testReadOrdersForCustomer">
        <method signature="org.broadleafcommerce.order.service.OrderTest.testReadOrdersForCustomer()" name="testReadOrdersForCustomer" class="org.broadleafcommerce.order.service.OrderTest"/>
      </group>
      <group name="createSkuAvailability">
        <method signature="org.broadleafcommerce.inventory.service.SkuAvailabilityTest.createSkuAvailability(org.broadleafcommerce.inventory.domain.SkuAvailability)" name="createSkuAvailability" class="org.broadleafcommerce.inventory.service.SkuAvailabilityTest"/>
      </group>
      <group name="testCustomerOffers">
        <method signature="org.broadleafcommerce.offer.service.OfferTest.testCustomerOffers()" name="testCustomerOffers" class="org.broadleafcommerce.offer.service.OfferTest"/>
      </group>
      <group name="testOfferLowerSalePriceWithNotCombinableOffer">
        <method signature="org.broadleafcommerce.offer.service.OfferTest.testOfferLowerSalePriceWithNotCombinableOffer()" name="testOfferLowerSalePriceWithNotCombinableOffer" class="org.broadleafcommerce.offer.service.OfferTest"/>
      </group>
      <group name="createDefaultFulfillmentGroup">
        <method signature="org.broadleafcommerce.order.dao.FulfillmentGroupDaoTest.createDefaultFulfillmentGroup(org.broadleafcommerce.order.domain.FulfillmentGroup)" name="createDefaultFulfillmentGroup" class="org.broadleafcommerce.order.dao.FulfillmentGroupDaoTest"/>
      </group>
      <group name="readFulfillmentGroupsForId">
        <method signature="org.broadleafcommerce.order.dao.FulfillmentGroupDaoTest.readFulfillmentGroupsForId()" name="readFulfillmentGroupsForId" class="org.broadleafcommerce.order.dao.FulfillmentGroupDaoTest"/>
      </group>
      <group name="testSetFeaturedProducts">
        <method signature="org.broadleafcommerce.catalog.dao.CategoryDaoTest.testSetFeaturedProducts(org.broadleafcommerce.catalog.domain.Category)" name="testSetFeaturedProducts" class="org.broadleafcommerce.catalog.dao.CategoryDaoTest"/>
      </group>
      <group name="createState">
        <method signature="org.broadleafcommerce.profile.service.AddressTest.createState()" name="createState" class="org.broadleafcommerce.profile.service.AddressTest"/>
      </group>
      <group name="testSubmitOrder">
        <method signature="org.broadleafcommerce.order.service.OrderTest.testSubmitOrder()" name="testSubmitOrder" class="org.broadleafcommerce.order.service.OrderTest"/>
      </group>
      <group name="testOfferCodeDao">
        <method signature="org.broadleafcommerce.offer.service.OfferTest.testOfferCodeDao()" name="testOfferCodeDao" class="org.broadleafcommerce.offer.service.OfferTest"/>
      </group>
      <group name="addBundleToOrder">
        <method signature="org.broadleafcommerce.order.service.OrderTest.addBundleToOrder()" name="addBundleToOrder" class="org.broadleafcommerce.order.service.OrderTest"/>
      </group>
      <group name="removeFulfillmentGroupFromOrder">
        <method signature="org.broadleafcommerce.order.service.OrderTest.removeFulfillmentGroupFromOrder()" name="removeFulfillmentGroupFromOrder" class="org.broadleafcommerce.order.service.OrderTest"/>
      </group>
      <group name="testOfferNotStackableOrderOffers">
        <method signature="org.broadleafcommerce.offer.service.OfferTest.testOfferNotStackableOrderOffers()" name="testOfferNotStackableOrderOffers" class="org.broadleafcommerce.offer.service.OfferTest"/>
      </group>
      <group name="readCustomer">
        <method signature="org.broadleafcommerce.profile.service.CustomerTest.readCustomersById()" name="readCustomersById" class="org.broadleafcommerce.profile.service.CustomerTest"/>
      </group>
      <group name="createUpSaleValues">
        <method signature="org.broadleafcommerce.catalog.dao.ProductDaoTest.createUpSaleValues(org.broadleafcommerce.catalog.domain.Product)" name="createUpSaleValues" class="org.broadleafcommerce.catalog.dao.ProductDaoTest"/>
      </group>
      <group name="createCustomerPhone">
        <method signature="org.broadleafcommerce.profile.service.CustomerPhoneTest.createCustomerPhone(org.broadleafcommerce.profile.domain.CustomerPhone)" name="createCustomerPhone" class="org.broadleafcommerce.profile.service.CustomerPhoneTest"/>
      </group>
      <group name="testOfferNotCombinableOrderOffersWithItemOffer">
        <method signature="org.broadleafcommerce.offer.service.OfferTest.testOfferNotCombinableOrderOffersWithItemOffer()" name="testOfferNotCombinableOrderOffersWithItemOffer" class="org.broadleafcommerce.offer.service.OfferTest"/>
      </group>
      <group name="findFulFillmentGroupForOrderFirst">
        <method signature="org.broadleafcommerce.order.service.OrderTest.findFillmentGroupForOrderFirst()" name="findFillmentGroupForOrderFirst" class="org.broadleafcommerce.order.service.OrderTest"/>
      </group>
      <group name="readSkuById">
        <method signature="org.broadleafcommerce.catalog.dao.SkuDaoTest.readSkuById()" name="readSkuById" class="org.broadleafcommerce.catalog.dao.SkuDaoTest"/>
      </group>
      <group name="applyOffersToOrder">
        <method signature="org.broadleafcommerce.offer.service.OfferServiceTest.applyOffersToOrder(java.util.List)" name="applyOffersToOrder" class="org.broadleafcommerce.offer.service.OfferServiceTest"/>
      </group>
      <group name="changeCustomerPassword">
        <method signature="org.broadleafcommerce.profile.service.CustomerTest.changeCustomerPasswords()" name="changeCustomerPasswords" class="org.broadleafcommerce.profile.service.CustomerTest"/>
      </group>
      <group name="removeItemFromOrder">
        <method signature="org.broadleafcommerce.order.service.OrderTest.removeItemFromOrder()" name="removeItemFromOrder" class="org.broadleafcommerce.order.service.OrderTest"/>
      </group>
      <group name="removeBundleFromOrder">
        <method signature="org.broadleafcommerce.order.service.OrderTest.removeBundleFromOrder()" name="removeBundleFromOrder" class="org.broadleafcommerce.order.service.OrderTest"/>
      </group>
      <group name="readDefaultFulfillmentGroupForOrder">
        <method signature="org.broadleafcommerce.order.dao.FulfillmentGroupDaoTest.readDefaultFulfillmentGroupForOrder()" name="readDefaultFulfillmentGroupForOrder" class="org.broadleafcommerce.order.dao.FulfillmentGroupDaoTest"/>
      </group>
      <group name="testOfferLowerSalePrice">
        <method signature="org.broadleafcommerce.offer.service.OfferTest.testOfferLowerSalePrice()" name="testOfferLowerSalePrice" class="org.broadleafcommerce.offer.service.OfferTest"/>
      </group>
      <group name="createCustomerIdGeneration">
        <method signature="org.broadleafcommerce.profile.service.CustomerTest.createCustomerIdGeneration()" name="createCustomerIdGeneration" class="org.broadleafcommerce.profile.service.CustomerTest"/>
      </group>
      <group name="findCountryByShortName">
        <method signature="org.broadleafcommerce.profile.service.AddressTest.findCountryByShortName()" name="findCountryByShortName" class="org.broadleafcommerce.profile.service.AddressTest"/>
      </group>
      <group name="findStates">
        <method signature="org.broadleafcommerce.profile.service.AddressTest.findStates()" name="findStates" class="org.broadleafcommerce.profile.service.AddressTest"/>
      </group>
      <group name="viewExistingCustomerPhoneFromController">
        <method signature="org.broadleafcommerce.profile.service.CustomerPhoneControllerTest.viewExistingCustomerPhoneFromController()" name="viewExistingCustomerPhoneFromController" class="org.broadleafcommerce.profile.service.CustomerPhoneControllerTest"/>
      </group>
      <group name="testFulfillmentGroupOffers">
        <method signature="org.broadleafcommerce.offer.service.OfferTest.testFulfillmentGroupOffers()" name="testFulfillmentGroupOffers" class="org.broadleafcommerce.offer.service.OfferTest"/>
      </group>
      <group name="createCustomerAddress">
        <method signature="org.broadleafcommerce.profile.service.CustomerAddressTest.createCustomerAddress(org.broadleafcommerce.profile.domain.CustomerAddress)" name="createCustomerAddress" class="org.broadleafcommerce.profile.service.CustomerAddressTest"/>
      </group>
      <group name="readPaymentInfoById">
        <method signature="org.broadleafcommerce.payment.service.PaymentInfoServiceTest.readPaymentInfoById()" name="readPaymentInfoById" class="org.broadleafcommerce.payment.service.PaymentInfoServiceTest"/>
      </group>
      <group name="readCustomerPhoneFromController">
        <method signature="org.broadleafcommerce.profile.service.CustomerPhoneControllerTest.readCustomerPhoneFromController()" name="readCustomerPhoneFromController" class="org.broadleafcommerce.profile.service.CustomerPhoneControllerTest"/>
      </group>
      <group name="testShipping">
        <method signature="org.broadleafcommerce.pricing.service.PricingTest.testShipping()" name="testShipping" class="org.broadleafcommerce.pricing.service.PricingTest"/>
      </group>
      <group name="readPaymentInfosByOrder">
        <method signature="org.broadleafcommerce.payment.service.PaymentInfoServiceTest.readPaymentInfoByOrder()" name="readPaymentInfoByOrder" class="org.broadleafcommerce.payment.service.PaymentInfoServiceTest"/>
      </group>
      <group name="testShippingInsert">
        <method signature="org.broadleafcommerce.pricing.service.PricingTest.testShippingInsert(org.broadleafcommerce.pricing.domain.ShippingRate, org.broadleafcommerce.pricing.domain.ShippingRate)" name="testShippingInsert" class="org.broadleafcommerce.pricing.service.PricingTest"/>
      </group>
      <group name="readOrdersForCustomer">
        <method signature="org.broadleafcommerce.order.dao.OrderDaoTest.readOrdersForCustomer()" name="readOrdersForCustomer" class="org.broadleafcommerce.order.dao.OrderDaoTest"/>
      </group>
      <group name="testGlobalOffers">
        <method signature="org.broadleafcommerce.offer.service.OfferTest.testGlobalOffers()" name="testGlobalOffers" class="org.broadleafcommerce.offer.service.OfferTest"/>
      </group>
      <group name="createCountry">
        <method signature="org.broadleafcommerce.profile.service.AddressTest.createCountry()" name="createCountry" class="org.broadleafcommerce.profile.service.AddressTest"/>
      </group>
      <group name="findDefaultFulFillmentGroupForOrder">
        <method signature="org.broadleafcommerce.order.service.OrderTest.findDefaultFillmentGroupForOrder()" name="findDefaultFillmentGroupForOrder" class="org.broadleafcommerce.order.service.OrderTest"/>
      </group>
      <group name="getItemsForOrder">
        <method signature="org.broadleafcommerce.order.service.OrderTest.getItemsForOrder()" name="getItemsForOrder" class="org.broadleafcommerce.order.service.OrderTest"/>
      </group>
      <group name="addFulfillmentGroupToOrderFirst">
        <method signature="org.broadleafcommerce.order.service.OrderTest.addFulfillmentGroupToOrderFirst(org.broadleafcommerce.order.domain.FulfillmentGroup)" name="addFulfillmentGroupToOrderFirst" class="org.broadleafcommerce.order.service.OrderTest"/>
      </group>
      <group name="createOrder">
        <method signature="org.broadleafcommerce.order.dao.OrderDaoTest.createOrder(org.broadleafcommerce.order.domain.Order)" name="createOrder" class="org.broadleafcommerce.order.dao.OrderDaoTest"/>
      </group>
      <group name="addItemToFulfillmentGroupSecond">
        <method signature="org.broadleafcommerce.order.service.OrderTest.addItemToFulfillmentgroupSecond()" name="addItemToFulfillmentgroupSecond" class="org.broadleafcommerce.order.service.OrderTest"/>
      </group>
      <group name="viewCustomerPhoneFromController">
        <method signature="org.broadleafcommerce.profile.service.CustomerPhoneControllerTest.viewCustomerPhoneFromController()" name="viewCustomerPhoneFromController" class="org.broadleafcommerce.profile.service.CustomerPhoneControllerTest"/>
      </group>
      <group name="deleteGiftWrapOrderItemsById">
        <method signature="org.broadleafcommerce.order.dao.OrderItemDaoTest.deleteGiftWrapOrderItemsById()" name="deleteGiftWrapOrderItemsById" class="org.broadleafcommerce.order.dao.OrderItemDaoTest"/>
      </group>
      <group name="testNamedOrderForCustomer">
        <method signature="org.broadleafcommerce.order.service.OrderTest.testNamedOrderForCustomer()" name="testNamedOrderForCustomer" class="org.broadleafcommerce.order.service.OrderTest"/>
      </group>
      <group name="paginationObject">
        <method signature="org.broadleafcommerce.layout.PaginationCommandObjectTest.testDisplayList()" name="testDisplayList" class="org.broadleafcommerce.layout.PaginationCommandObjectTest"/>
        <method signature="org.broadleafcommerce.layout.PaginationCommandObjectTest.testIndices()" name="testIndices" class="org.broadleafcommerce.layout.PaginationCommandObjectTest"/>
        <method signature="org.broadleafcommerce.layout.PaginationCommandObjectTest.testFullList()" name="testFullList" class="org.broadleafcommerce.layout.PaginationCommandObjectTest"/>
      </group>
      <group name="createPhone">
        <method signature="org.broadleafcommerce.profile.service.PhoneTest.createPhone(org.broadleafcommerce.profile.domain.Phone)" name="createPhone" class="org.broadleafcommerce.profile.service.PhoneTest"/>
      </group>
      <group name="findStateByAbbreviation">
        <method signature="org.broadleafcommerce.profile.service.AddressTest.findStateByAbbreviation()" name="findStateByAbbreviation" class="org.broadleafcommerce.profile.service.AddressTest"/>
      </group>
      <group name="testAdminPermissionSave">
        <method signature="org.broadleafcommerce.security.service.AdminPermissionTest.testAdminPermissionSave(org.broadleafcommerce.security.domain.AdminPermission)" name="testAdminPermissionSave" class="org.broadleafcommerce.security.service.AdminPermissionTest"/>
      </group>
      <group name="createSku">
        <method signature="org.broadleafcommerce.catalog.dao.SkuDaoTest.createSku(org.broadleafcommerce.catalog.domain.Sku)" name="createSku" class="org.broadleafcommerce.catalog.dao.SkuDaoTest"/>
      </group>
      <group name="testOfferNotCombinableItemOffers">
        <method signature="org.broadleafcommerce.offer.service.OfferTest.testOfferNotCombinableItemOffers()" name="testOfferNotCombinableItemOffers" class="org.broadleafcommerce.offer.service.OfferTest"/>
      </group>
      <group name="offerCreateSku2">
        <method signature="org.broadleafcommerce.offer.service.OfferTest.createSku2(org.broadleafcommerce.catalog.domain.Sku)" name="createSku2" class="org.broadleafcommerce.offer.service.OfferTest"/>
      </group>
      <group name="testAddSkuToOrder">
        <method signature="org.broadleafcommerce.order.service.OrderTest.testAddSkuToOrder()" name="testAddSkuToOrder" class="org.broadleafcommerce.order.service.OrderTest"/>
      </group>
      <group name="createCustomerFromController">
        <method signature="org.broadleafcommerce.profile.service.RegisterCustomerControllerTest.createCustomerFromController(org.broadleafcommerce.profile.web.form.RegisterCustomerForm)" name="createCustomerFromController" class="org.broadleafcommerce.profile.service.RegisterCustomerControllerTest"/>
      </group>
      <group name="createCartForCustomer">
        <method signature="org.broadleafcommerce.order.service.OrderTest.createCartForCustomer()" name="createCartForCustomer" class="org.broadleafcommerce.order.service.OrderTest"/>
      </group>
      <group name="findNamedOrderForCustomer">
        <method signature="org.broadleafcommerce.order.service.OrderTest.findNamedOrderForCustomer()" name="findNamedOrderForCustomer" class="org.broadleafcommerce.order.service.OrderTest"/>
      </group>
      <group name="testOfferNotCombinableOrderOffers">
        <method signature="org.broadleafcommerce.offer.service.OfferTest.testOfferNotCombinableOrderOffers()" name="testOfferNotCombinableOrderOffers" class="org.broadleafcommerce.offer.service.OfferTest"/>
      </group>
      <group name="removeItemFromOrderAfterDefaultFulfillmentGroup">
        <method signature="org.broadleafcommerce.order.service.OrderTest.removeItemFromOrderAfterFulfillmentGroups()" name="removeItemFromOrderAfterFulfillmentGroups" class="org.broadleafcommerce.order.service.OrderTest"/>
      </group>
      <group name="testOrderProperties">
        <method signature="org.broadleafcommerce.order.service.OrderTest.testOrderProperties()" name="testOrderProperties" class="org.broadleafcommerce.order.service.OrderTest"/>
      </group>
      <group name="readFulfillmentGroupItemsForFulfillmentGroup">
        <method signature="org.broadleafcommerce.order.dao.FulfillmentGroupItemDaoTest.readFulfillmentGroupItemsForFulfillmentGroup()" name="readFulfillmentGroupItemsForFulfillmentGroup" class="org.broadleafcommerce.order.dao.FulfillmentGroupItemDaoTest"/>
      </group>
      <group name="readCustomer1">
        <method signature="org.broadleafcommerce.profile.service.CustomerTest.readCustomersByUsername1()" name="readCustomersByUsername1" class="org.broadleafcommerce.profile.service.CustomerTest"/>
      </group>
      <group name="findCartForAnonymousCustomer">
        <method signature="org.broadleafcommerce.order.service.OrderTest.findCartForAnonymousCustomer()" name="findCartForAnonymousCustomer" class="org.broadleafcommerce.order.service.OrderTest"/>
      </group>
      <group name="createCustomers">
        <method signature="org.broadleafcommerce.profile.service.CustomerTest.createCustomer(org.broadleafcommerce.profile.domain.Customer)" name="createCustomer" class="org.broadleafcommerce.profile.service.CustomerTest"/>
      </group>
      <group name="readGiftWrapOrderItemsById">
        <method signature="org.broadleafcommerce.order.dao.OrderItemDaoTest.readGiftWrapOrderItemsById()" name="readGiftWrapOrderItemsById" class="org.broadleafcommerce.order.dao.OrderItemDaoTest"/>
      </group>
      <group name="readFirstSku">
        <method signature="org.broadleafcommerce.catalog.dao.SkuDaoTest.readFirstSku()" name="readFirstSku" class="org.broadleafcommerce.catalog.dao.SkuDaoTest"/>
      </group>
      <group name="readCustomerPhone">
        <method signature="org.broadleafcommerce.profile.service.CustomerPhoneTest.readCustomerPhoneByUserId()" name="readCustomerPhoneByUserId" class="org.broadleafcommerce.profile.service.CustomerPhoneTest"/>
      </group>
      <group name="readDefaultFulfillmentGroupForId">
        <method signature="org.broadleafcommerce.order.dao.FulfillmentGroupDaoTest.readDefaultFulfillmentGroupForId()" name="readDefaultFulfillmentGroupForId" class="org.broadleafcommerce.order.dao.FulfillmentGroupDaoTest"/>
      </group>
      <group name="viewRegisterCustomerFromController">
        <method signature="org.broadleafcommerce.profile.service.RegisterCustomerControllerTest.viewRegisterCustomerFromController()" name="viewRegisterCustomerFromController" class="org.broadleafcommerce.profile.service.RegisterCustomerControllerTest"/>
      </group>
      <group name="createDiscreteOrderItem">
        <method signature="org.broadleafcommerce.order.dao.OrderItemDaoTest.createDiscreteOrderItem(org.broadleafcommerce.order.domain.DiscreteOrderItem)" name="createDiscreteOrderItem" class="org.broadleafcommerce.order.dao.OrderItemDaoTest"/>
      </group>
      <group name="createFulfillmentGroupItem">
        <method signature="org.broadleafcommerce.order.dao.FulfillmentGroupItemDaoTest.createFulfillmentGroupItem()" name="createFulfillmentGroupItem" class="org.broadleafcommerce.order.dao.FulfillmentGroupItemDaoTest"/>
      </group>
      <group name="updateItemsInOrder">
        <method signature="org.broadleafcommerce.order.service.OrderTest.updateItemsInOrder()" name="updateItemsInOrder" class="org.broadleafcommerce.order.service.OrderTest"/>
      </group>
      <group name="createPaymentInfo">
        <method signature="org.broadleafcommerce.payment.service.PaymentInfoServiceTest.createPaymentInfo(org.broadleafcommerce.payment.domain.PaymentInfo)" name="createPaymentInfo" class="org.broadleafcommerce.payment.service.PaymentInfoServiceTest"/>
      </group>
      <group name="testAdminUserSave">
        <method signature="org.broadleafcommerce.security.service.AdminUserTest.testAdminUserSave(org.broadleafcommerce.security.domain.AdminUser)" name="testAdminUserSave" class="org.broadleafcommerce.security.service.AdminUserTest"/>
      </group>
      <group name="addItemToOrder">
        <method signature="org.broadleafcommerce.order.service.OrderTest.addItemToOrder()" name="addItemToOrder" class="org.broadleafcommerce.order.service.OrderTest"/>
      </group>
      <group name="deleteOrderForCustomer">
        <method signature="org.broadleafcommerce.order.dao.OrderDaoTest.deleteOrderForCustomer()" name="deleteOrderForCustomer" class="org.broadleafcommerce.order.dao.OrderDaoTest"/>
      </group>
      <group name="findCurrentCartForCustomer">
        <method signature="org.broadleafcommerce.order.service.OrderTest.findCurrentCartForCustomer()" name="findCurrentCartForCustomer" class="org.broadleafcommerce.order.service.OrderTest"/>
      </group>
      <group name="readCustomerAddress">
        <method signature="org.broadleafcommerce.profile.service.CustomerAddressTest.readCustomerAddressByUserId()" name="readCustomerAddressByUserId" class="org.broadleafcommerce.profile.service.CustomerAddressTest"/>
      </group>
      <group name="makePhoneDefaultOnCustomerPhoneController">
        <method signature="org.broadleafcommerce.profile.service.CustomerPhoneControllerTest.makePhoneDefaultOnCustomerPhoneController()" name="makePhoneDefaultOnCustomerPhoneController" class="org.broadleafcommerce.profile.service.CustomerPhoneControllerTest"/>
      </group>
      <group name="testReadAllOffers">
        <method signature="org.broadleafcommerce.offer.service.OfferTest.testReadAllOffers()" name="testReadAllOffers" class="org.broadleafcommerce.offer.service.OfferTest"/>
      </group>
      <group name="findCountries">
        <method signature="org.broadleafcommerce.profile.service.AddressTest.findCountries()" name="findCountries" class="org.broadleafcommerce.profile.service.AddressTest"/>
      </group>
      <group name="readOrder">
        <method signature="org.broadleafcommerce.order.dao.OrderDaoTest.readOrderById()" name="readOrderById" class="org.broadleafcommerce.order.dao.OrderDaoTest"/>
      </group>
      <group name="testOfferNotStackableItemOffers">
        <method signature="org.broadleafcommerce.offer.service.OfferTest.testOfferNotStackableItemOffers()" name="testOfferNotStackableItemOffers" class="org.broadleafcommerce.offer.service.OfferTest"/>
      </group>
      <group name="createCrossSaleValues">
        <method signature="org.broadleafcommerce.catalog.dao.ProductDaoTest.createCrossSaleValues(org.broadleafcommerce.catalog.domain.Product)" name="createCrossSaleValues" class="org.broadleafcommerce.catalog.dao.ProductDaoTest"/>
      </group>
      <group name="createId">
        <method signature="org.broadleafcommerce.profile.service.IdGenerationTest.createId()" name="createId" class="org.broadleafcommerce.profile.service.IdGenerationTest"/>
      </group>
      <group name="addAnotherItemToOrder">
        <method signature="org.broadleafcommerce.order.service.OrderTest.addAnotherItemToOrder()" name="addAnotherItemToOrder" class="org.broadleafcommerce.order.service.OrderTest"/>
      </group>
      <group name="findIds">
        <method signature="org.broadleafcommerce.profile.service.IdGenerationTest.findIds()" name="findIds" class="org.broadleafcommerce.profile.service.IdGenerationTest"/>
      </group>
      <group name="testCreatePaymentInfo">
        <method signature="org.broadleafcommerce.payment.service.PaymentInfoServiceTest.createTestPaymentInfo()" name="createTestPaymentInfo" class="org.broadleafcommerce.payment.service.PaymentInfoServiceTest"/>
      </group>
      <group name="createFulfillmentGroup">
        <method signature="org.broadleafcommerce.order.dao.FulfillmentGroupDaoTest.createFulfillmentGroup(org.broadleafcommerce.order.domain.FulfillmentGroup)" name="createFulfillmentGroup" class="org.broadleafcommerce.order.dao.FulfillmentGroupDaoTest"/>
      </group>
      <group name="testOfferDelete">
        <method signature="org.broadleafcommerce.offer.service.OfferTest.testOfferDelete()" name="testOfferDelete" class="org.broadleafcommerce.offer.service.OfferTest"/>
      </group>
      <group name="readPhoneById">
        <method signature="org.broadleafcommerce.profile.service.PhoneTest.readPhoneById()" name="readPhoneById" class="org.broadleafcommerce.profile.service.PhoneTest"/>
      </group>
      <group name="createProducts">
        <method signature="org.broadleafcommerce.catalog.dao.ProductDaoTest.createProducts(org.broadleafcommerce.catalog.domain.Product)" name="createProducts" class="org.broadleafcommerce.catalog.dao.ProductDaoTest"/>
      </group>
      <group name="createCustomerPhoneFromController">
        <method signature="org.broadleafcommerce.profile.service.CustomerPhoneControllerTest.createCustomerPhoneFromController(org.broadleafcommerce.profile.web.model.PhoneNameForm)" name="createCustomerPhoneFromController" class="org.broadleafcommerce.profile.service.CustomerPhoneControllerTest"/>
      </group>
      <group name="checkOrderItems">
        <method signature="org.broadleafcommerce.order.service.OrderTest.checkOrderItems()" name="checkOrderItems" class="org.broadleafcommerce.order.service.OrderTest"/>
      </group>
      <group name="readCustomer2">
        <method signature="org.broadleafcommerce.profile.service.CustomerTest.readCustomersByUsername2()" name="readCustomersByUsername2" class="org.broadleafcommerce.profile.service.CustomerTest"/>
      </group>
    </groups>
    <test name="Command line test">
      <class name="org.broadleafcommerce.security.service.AdminRoleTest">
        <test-method status="PASS" signature="springTestContextBeforeTestMethod(java.lang.reflect.Method)" name="springTestContextBeforeTestMethod" is-config="true" duration-ms="0" started-at="2009-08-05T15:42:59Z" finished-at="2009-08-05T15:42:59Z">
          <params>
            <param index="0">
              <value>
                <![CDATA[public void org.broadleafcommerce.security.service.AdminRoleTest.testAdminRoleSave(org.broadleafcommerce.security.domain.AdminRole) throws java.lang.Exception]]>
              </value>
            </param>
          </params>
        </test-method>
        <test-method status="PASS" signature="tearDown()" name="tearDown" is-config="true" duration-ms="0" started-at="2009-08-05T15:42:59Z" finished-at="2009-08-05T15:42:59Z">
        </test-method>
        <test-method status="PASS" signature="springTestContextAfterTestMethod(java.lang.reflect.Method)" name="springTestContextAfterTestMethod" is-config="true" duration-ms="0" started-at="2009-08-05T15:42:59Z" finished-at="2009-08-05T15:42:59Z">
          <params>
            <param index="0">
              <value>
                <![CDATA[public void org.broadleafcommerce.security.service.AdminRoleTest.testAdminRoleSave(org.broadleafcommerce.security.domain.AdminRole) throws java.lang.Exception]]>
              </value>
            </param>
          </params>
        </test-method>
        <test-method status="PASS" signature="springTestContextPrepareTestInstance()" name="springTestContextPrepareTestInstance" is-config="true" duration-ms="18" started-at="2009-08-05T15:42:58Z" finished-at="2009-08-05T15:42:59Z">
        </test-method>
        <test-method status="PASS" signature="testAdminRoleSave(org.broadleafcommerce.security.domain.AdminRole)" name="testAdminRoleSave" duration-ms="13" started-at="2009-08-05T15:42:59Z" finished-at="2009-08-05T15:42:59Z">
          <params>
            <param index="0">
              <value>
                <![CDATA[org.broadleafcommerce.security.domain.AdminRoleImpl@fb87e4]]>
              </value>
            </param>
          </params>
        </test-method>
        <test-method status="PASS" signature="setup()" name="setup" is-config="true" duration-ms="0" started-at="2009-08-05T15:42:59Z" finished-at="2009-08-05T15:42:59Z">
        </test-method>
      </class>
      <class name="org.broadleafcommerce.extensibility.ExtensibilityTest">
        <test-method status="PASS" signature="test()" name="test" duration-ms="144" started-at="2009-08-05T15:42:58Z" finished-at="2009-08-05T15:42:58Z">
        </test-method>
        <test-method status="PASS" signature="setup()" name="setup" is-config="true" duration-ms="0" started-at="2009-08-05T15:42:58Z" finished-at="2009-08-05T15:42:58Z">
        </test-method>
        <test-method status="PASS" signature="tearDown()" name="tearDown" is-config="true" duration-ms="0" started-at="2009-08-05T15:42:58Z" finished-at="2009-08-05T15:42:58Z">
        </test-method>
        <test-method status="PASS" signature="springTestContextPrepareTestInstance()" name="springTestContextPrepareTestInstance" is-config="true" duration-ms="17" started-at="2009-08-05T15:42:58Z" finished-at="2009-08-05T15:42:58Z">
        </test-method>
        <test-method status="PASS" signature="springTestContextBeforeTestMethod(java.lang.reflect.Method)" name="springTestContextBeforeTestMethod" is-config="true" duration-ms="1" started-at="2009-08-05T15:42:58Z" finished-at="2009-08-05T15:42:58Z">
          <params>
            <param index="0">
              <value>
                <![CDATA[public void org.broadleafcommerce.extensibility.ExtensibilityTest.test()]]>
              </value>
            </param>
          </params>
        </test-method>
        <test-method status="PASS" signature="springTestContextAfterTestMethod(java.lang.reflect.Method)" name="springTestContextAfterTestMethod" is-config="true" duration-ms="1" started-at="2009-08-05T15:42:58Z" finished-at="2009-08-05T15:42:58Z">
          <params>
            <param index="0">
              <value>
                <![CDATA[public void org.broadleafcommerce.extensibility.ExtensibilityTest.test()]]>
              </value>
            </param>
          </params>
        </test-method>
      </class>
      <class name="org.broadleafcommerce.pricing.service.PricingTest">
        <test-method status="PASS" signature="springTestContextBeforeTestMethod(java.lang.reflect.Method)" name="springTestContextBeforeTestMethod" is-config="true" duration-ms="1" started-at="2009-08-05T15:42:56Z" finished-at="2009-08-05T15:42:56Z">
          <params>
            <param index="0">
              <value>
                <![CDATA[public void org.broadleafcommerce.pricing.service.PricingTest.testShippingInsert(org.broadleafcommerce.pricing.domain.ShippingRate,org.broadleafcommerce.pricing.domain.ShippingRate) throws java.lang.Exception]]>
              </value>
            </param>
          </params>
        </test-method>
        <test-method status="PASS" signature="tearDown()" name="tearDown" is-config="true" duration-ms="0" started-at="2009-08-05T15:42:56Z" finished-at="2009-08-05T15:42:56Z">
        </test-method>
        <test-method status="PASS" signature="testPricing()" name="testPricing" duration-ms="9" depends-on-groups="testShippingInsert" started-at="2009-08-05T15:42:56Z" finished-at="2009-08-05T15:42:56Z">
        </test-method>
        <test-method status="PASS" signature="springTestContextBeforeTestMethod(java.lang.reflect.Method)" name="springTestContextBeforeTestMethod" is-config="true" duration-ms="0" started-at="2009-08-05T15:42:56Z" finished-at="2009-08-05T15:42:56Z">
          <params>
            <param index="0">
              <value>
                <![CDATA[public void org.broadleafcommerce.pricing.service.PricingTest.testShipping() throws java.lang.Exception]]>
              </value>
            </param>
          </params>
        </test-method>
        <test-method status="PASS" signature="springTestContextAfterTestMethod(java.lang.reflect.Method)" name="springTestContextAfterTestMethod" is-config="true" duration-ms="1" started-at="2009-08-05T15:42:56Z" finished-at="2009-08-05T15:42:56Z">
          <params>
            <param index="0">
              <value>
                <![CDATA[public void org.broadleafcommerce.pricing.service.PricingTest.testShipping() throws java.lang.Exception]]>
              </value>
            </param>
          </params>
        </test-method>
        <test-method status="PASS" signature="testShipping()" name="testShipping" duration-ms="7" depends-on-groups="testShippingInsert" started-at="2009-08-05T15:42:56Z" finished-at="2009-08-05T15:42:56Z">
        </test-method>
        <test-method status="PASS" signature="springTestContextAfterTestMethod(java.lang.reflect.Method)" name="springTestContextAfterTestMethod" is-config="true" duration-ms="0" started-at="2009-08-05T15:42:56Z" finished-at="2009-08-05T15:42:56Z">
          <params>
            <param index="0">
              <value>
                <![CDATA[public void org.broadleafcommerce.pricing.service.PricingTest.testPricing() throws java.lang.Exception]]>
              </value>
            </param>
          </params>
        </test-method>
        <test-method status="PASS" signature="testShippingInsert(org.broadleafcommerce.pricing.domain.ShippingRate, org.broadleafcommerce.pricing.domain.ShippingRate)" name="testShippingInsert" duration-ms="1" started-at="2009-08-05T15:42:56Z" finished-at="2009-08-05T15:42:56Z">
          <params>
            <param index="0">
              <value>
                <![CDATA[ALL 8.5 0]]>
              </value>
            </param>
            <param index="1">
              <value>
                <![CDATA[ALL 8.5 0]]>
              </value>
            </param>
          </params>
        </test-method>
        <test-method status="PASS" signature="springTestContextAfterTestMethod(java.lang.reflect.Method)" name="springTestContextAfterTestMethod" is-config="true" duration-ms="1" started-at="2009-08-05T15:42:56Z" finished-at="2009-08-05T15:42:56Z">
          <params>
            <param index="0">
              <value>
                <![CDATA[public void org.broadleafcommerce.pricing.service.PricingTest.testShippingInsert(org.broadleafcommerce.pricing.domain.ShippingRate,org.broadleafcommerce.pricing.domain.ShippingRate) throws java.lang.Exception]]>
              </value>
            </param>
          </params>
        </test-method>
        <test-method status="PASS" signature="springTestContextPrepareTestInstance()" name="springTestContextPrepareTestInstance" is-config="true" duration-ms="328" started-at="2009-08-05T15:42:56Z" finished-at="2009-08-05T15:42:56Z">
        </test-method>
        <test-method status="PASS" signature="springTestContextBeforeTestMethod(java.lang.reflect.Method)" name="springTestContextBeforeTestMethod" is-config="true" duration-ms="1" started-at="2009-08-05T15:42:56Z" finished-at="2009-08-05T15:42:56Z">
          <params>
            <param index="0">
              <value>
                <![CDATA[public void org.broadleafcommerce.pricing.service.PricingTest.testPricing() throws java.lang.Exception]]>
              </value>
            </param>
          </params>
        </test-method>
        <test-method status="PASS" signature="setup()" name="setup" is-config="true" duration-ms="0" started-at="2009-08-05T15:42:56Z" finished-at="2009-08-05T15:42:56Z">
        </test-method>
      </class>
      <class name="org.broadleafcommerce.order.dao.OrderDaoTest">
        <test-method status="PASS" signature="springTestContextBeforeTestMethod(java.lang.reflect.Method)" name="springTestContextBeforeTestMethod" is-config="true" duration-ms="3" started-at="2009-08-05T15:42:55Z" finished-at="2009-08-05T15:42:55Z">
          <params>
            <param index="0">
              <value>
                <![CDATA[public void org.broadleafcommerce.order.dao.OrderDaoTest.readOrderById()]]>
              </value>
            </param>
          </params>
        </test-method>
        <test-method status="PASS" signature="readOrderById()" name="readOrderById" duration-ms="0" depends-on-groups="createOrder" started-at="2009-08-05T15:42:55Z" finished-at="2009-08-05T15:42:55Z">
        </test-method>
        <test-method status="PASS" signature="springTestContextAfterTestMethod(java.lang.reflect.Method)" name="springTestContextAfterTestMethod" is-config="true" duration-ms="0" started-at="2009-08-05T15:42:55Z" finished-at="2009-08-05T15:42:55Z">
          <params>
            <param index="0">
              <value>
                <![CDATA[public void org.broadleafcommerce.order.dao.OrderDaoTest.readOrdersForCustomer()]]>
              </value>
            </param>
          </params>
        </test-method>
        <test-method status="PASS" signature="deleteOrderForCustomer()" name="deleteOrderForCustomer" duration-ms="7" depends-on-groups="createOrder" started-at="2009-08-05T15:42:55Z" finished-at="2009-08-05T15:42:55Z">
        </test-method>
        <test-method status="PASS" signature="springTestContextBeforeTestMethod(java.lang.reflect.Method)" name="springTestContextBeforeTestMethod" is-config="true" duration-ms="0" started-at="2009-08-05T15:42:55Z" finished-at="2009-08-05T15:42:55Z">
          <params>
            <param index="0">
              <value>
                <![CDATA[public void org.broadleafcommerce.order.dao.OrderDaoTest.readOrdersForCustomer()]]>
              </value>
            </param>
          </params>
        </test-method>
        <test-method status="PASS" signature="springTestContextPrepareTestInstance()" name="springTestContextPrepareTestInstance" is-config="true" duration-ms="21" started-at="2009-08-05T15:42:54Z" finished-at="2009-08-05T15:42:54Z">
        </test-method>
        <test-method status="PASS" signature="springTestContextBeforeTestMethod(java.lang.reflect.Method)" name="springTestContextBeforeTestMethod" is-config="true" duration-ms="0" started-at="2009-08-05T15:42:54Z" finished-at="2009-08-05T15:42:54Z">
          <params>
            <param index="0">
              <value>
                <![CDATA[public void org.broadleafcommerce.order.dao.OrderDaoTest.createOrder(org.broadleafcommerce.order.domain.Order)]]>
              </value>
            </param>
          </params>
        </test-method>
        <test-method status="PASS" signature="springTestContextAfterTestMethod(java.lang.reflect.Method)" name="springTestContextAfterTestMethod" is-config="true" duration-ms="1" started-at="2009-08-05T15:42:54Z" finished-at="2009-08-05T15:42:54Z">
          <params>
            <param index="0">
              <value>
                <![CDATA[public void org.broadleafcommerce.order.dao.OrderDaoTest.createOrder(org.broadleafcommerce.order.domain.Order)]]>
              </value>
            </param>
          </params>
        </test-method>
        <test-method status="PASS" signature="setup()" name="setup" is-config="true" duration-ms="0" started-at="2009-08-05T15:42:54Z" finished-at="2009-08-05T15:42:54Z">
        </test-method>
        <test-method status="PASS" signature="readOrdersForCustomer()" name="readOrdersForCustomer" duration-ms="3" depends-on-groups="readCustomer1, createOrder" started-at="2009-08-05T15:42:55Z" finished-at="2009-08-05T15:42:55Z">
        </test-method>
        <test-method status="PASS" signature="springTestContextBeforeTestMethod(java.lang.reflect.Method)" name="springTestContextBeforeTestMethod" is-config="true" duration-ms="1" started-at="2009-08-05T15:42:55Z" finished-at="2009-08-05T15:42:55Z">
          <params>
            <param index="0">
              <value>
                <![CDATA[public void org.broadleafcommerce.order.dao.OrderDaoTest.deleteOrderForCustomer()]]>
              </value>
            </param>
          </params>
        </test-method>
        <test-method status="PASS" signature="tearDown()" name="tearDown" is-config="true" duration-ms="0" started-at="2009-08-05T15:42:55Z" finished-at="2009-08-05T15:42:55Z">
        </test-method>
        <test-method status="PASS" signature="springTestContextAfterTestMethod(java.lang.reflect.Method)" name="springTestContextAfterTestMethod" is-config="true" duration-ms="1" started-at="2009-08-05T15:42:55Z" finished-at="2009-08-05T15:42:55Z">
          <params>
            <param index="0">
              <value>
                <![CDATA[public void org.broadleafcommerce.order.dao.OrderDaoTest.readOrderById()]]>
              </value>
            </param>
          </params>
        </test-method>
        <test-method status="PASS" signature="createOrder(org.broadleafcommerce.order.domain.Order)" name="createOrder" duration-ms="2" depends-on-groups="readCustomer1, createPhone" started-at="2009-08-05T15:42:54Z" finished-at="2009-08-05T15:42:54Z">
          <params>
            <param index="0">
              <value>
                <![CDATA[org.broadleafcommerce.order.domain.OrderImpl@f7c66bc4]]>
              </value>
            </param>
          </params>
        </test-method>
        <test-method status="PASS" signature="springTestContextAfterTestMethod(java.lang.reflect.Method)" name="springTestContextAfterTestMethod" is-config="true" duration-ms="1" started-at="2009-08-05T15:42:55Z" finished-at="2009-08-05T15:42:55Z">
          <params>
            <param index="0">
              <value>
                <![CDATA[public void org.broadleafcommerce.order.dao.OrderDaoTest.deleteOrderForCustomer()]]>
              </value>
            </param>
          </params>
        </test-method>
      </class>
      <class name="org.broadleafcommerce.offer.service.MVELTest">
        <test-method status="PASS" signature="springTestContextBeforeTestMethod(java.lang.reflect.Method)" name="springTestContextBeforeTestMethod" is-config="true" duration-ms="0" started-at="2009-08-05T15:42:58Z" finished-at="2009-08-05T15:42:58Z">
          <params>
            <param index="0">
              <value>
                <![CDATA[public void org.broadleafcommerce.offer.service.MVELTest.testBasicMVELFunctions()]]>
              </value>
            </param>
          </params>
        </test-method>
        <test-method status="PASS" signature="testOfferAppliesToItemsInCategoryAndOrderValueGreaterThanFifty()" name="testOfferAppliesToItemsInCategoryAndOrderValueGreaterThanFifty" duration-ms="18" started-at="2009-08-05T15:42:58Z" finished-at="2009-08-05T15:42:58Z">
        </test-method>
        <test-method status="PASS" signature="springTestContextPrepareTestInstance()" name="springTestContextPrepareTestInstance" is-config="true" duration-ms="14" started-at="2009-08-05T15:42:58Z" finished-at="2009-08-05T15:42:58Z">
        </test-method>
        <test-method status="PASS" signature="springTestContextAfterTestMethod(java.lang.reflect.Method)" name="springTestContextAfterTestMethod" is-config="true" duration-ms="0" started-at="2009-08-05T15:42:58Z" finished-at="2009-08-05T15:42:58Z">
          <params>
            <param index="0">
              <value>
                <![CDATA[public void org.broadleafcommerce.offer.service.MVELTest.testOfferAppliesToFulfillmentGroup()]]>
              </value>
            </param>
          </params>
        </test-method>
        <test-method status="PASS" signature="tearDown()" name="tearDown" is-config="true" duration-ms="0" started-at="2009-08-05T15:42:58Z" finished-at="2009-08-05T15:42:58Z">
        </test-method>
        <test-method status="PASS" signature="testBasicMVELFunctions()" name="testBasicMVELFunctions" duration-ms="68" started-at="2009-08-05T15:42:58Z" finished-at="2009-08-05T15:42:58Z">
        </test-method>
        <test-method status="PASS" signature="springTestContextAfterTestMethod(java.lang.reflect.Method)" name="springTestContextAfterTestMethod" is-config="true" duration-ms="1" started-at="2009-08-05T15:42:58Z" finished-at="2009-08-05T15:42:58Z">
          <params>
            <param index="0">
              <value>
                <![CDATA[public void org.broadleafcommerce.offer.service.MVELTest.testOfferAppliesToSpecificItems()]]>
              </value>
            </param>
          </params>
        </test-method>
        <test-method status="PASS" signature="testOfferAppliesToSpecificItems()" name="testOfferAppliesToSpecificItems" duration-ms="3" started-at="2009-08-05T15:42:58Z" finished-at="2009-08-05T15:42:58Z">
        </test-method>
        <test-method status="PASS" signature="springTestContextAfterTestMethod(java.lang.reflect.Method)" name="springTestContextAfterTestMethod" is-config="true" duration-ms="0" started-at="2009-08-05T15:42:58Z" finished-at="2009-08-05T15:42:58Z">
          <params>
            <param index="0">
              <value>
                <![CDATA[public void org.broadleafcommerce.offer.service.MVELTest.testOfferAppliesToItemsInCategoryAndOrderValueGreaterThanFifty()]]>
              </value>
            </param>
          </params>
        </test-method>
        <test-method status="PASS" signature="springTestContextBeforeTestMethod(java.lang.reflect.Method)" name="springTestContextBeforeTestMethod" is-config="true" duration-ms="1" started-at="2009-08-05T15:42:58Z" finished-at="2009-08-05T15:42:58Z">
          <params>
            <param index="0">
              <value>
                <![CDATA[public void org.broadleafcommerce.offer.service.MVELTest.testOfferAppliesToSpecificItems()]]>
              </value>
            </param>
          </params>
        </test-method>
        <test-method status="PASS" signature="springTestContextBeforeTestMethod(java.lang.reflect.Method)" name="springTestContextBeforeTestMethod" is-config="true" duration-ms="1" started-at="2009-08-05T15:42:58Z" finished-at="2009-08-05T15:42:58Z">
          <params>
            <param index="0">
              <value>
                <![CDATA[public void org.broadleafcommerce.offer.service.MVELTest.testOfferAppliesToItemsInCategoryAndOrderValueGreaterThanFifty()]]>
              </value>
            </param>
          </params>
        </test-method>
        <test-method status="PASS" signature="springTestContextBeforeTestMethod(java.lang.reflect.Method)" name="springTestContextBeforeTestMethod" is-config="true" duration-ms="0" started-at="2009-08-05T15:42:58Z" finished-at="2009-08-05T15:42:58Z">
          <params>
            <param index="0">
              <value>
                <![CDATA[public void org.broadleafcommerce.offer.service.MVELTest.testOfferAppliesToFulfillmentGroup()]]>
              </value>
            </param>
          </params>
        </test-method>
        <test-method status="PASS" signature="setup()" name="setup" is-config="true" duration-ms="1" started-at="2009-08-05T15:42:58Z" finished-at="2009-08-05T15:42:58Z">
        </test-method>
        <test-method status="PASS" signature="springTestContextAfterTestMethod(java.lang.reflect.Method)" name="springTestContextAfterTestMethod" is-config="true" duration-ms="0" started-at="2009-08-05T15:42:58Z" finished-at="2009-08-05T15:42:58Z">
          <params>
            <param index="0">
              <value>
                <![CDATA[public void org.broadleafcommerce.offer.service.MVELTest.testBasicMVELFunctions()]]>
              </value>
            </param>
          </params>
        </test-method>
        <test-method status="PASS" signature="testOfferAppliesToFulfillmentGroup()" name="testOfferAppliesToFulfillmentGroup" duration-ms="4" started-at="2009-08-05T15:42:58Z" finished-at="2009-08-05T15:42:58Z">
        </test-method>
      </class>
      <class name="org.broadleafcommerce.order.dao.FulfillmentGroupDaoTest">
        <test-method status="PASS" signature="createFulfillmentGroup(org.broadleafcommerce.order.domain.FulfillmentGroup)" name="createFulfillmentGroup" duration-ms="4" depends-on-groups="createOrder, createCustomerAddress" started-at="2009-08-05T15:42:55Z" finished-at="2009-08-05T15:42:55Z">
          <params>
            <param index="0">
              <value>
                <![CDATA[org.broadleafcommerce.order.domain.FulfillmentGroupImpl@3c2]]>
              </value>
            </param>
          </params>
        </test-method>
        <test-method status="PASS" signature="tearDown()" name="tearDown" is-config="true" duration-ms="0" started-at="2009-08-05T15:42:57Z" finished-at="2009-08-05T15:42:57Z">
        </test-method>
        <test-method status="PASS" signature="springTestContextAfterTestMethod(java.lang.reflect.Method)" name="springTestContextAfterTestMethod" is-config="true" duration-ms="2" started-at="2009-08-05T15:42:55Z" finished-at="2009-08-05T15:42:55Z">
          <params>
            <param index="0">
              <value>
                <![CDATA[public void org.broadleafcommerce.order.dao.FulfillmentGroupDaoTest.createDefaultFulfillmentGroup(org.broadleafcommerce.order.domain.FulfillmentGroup)]]>
              </value>
            </param>
          </params>
        </test-method>
        <test-method status="PASS" signature="springTestContextAfterTestMethod(java.lang.reflect.Method)" name="springTestContextAfterTestMethod" is-config="true" duration-ms="3" started-at="2009-08-05T15:42:55Z" finished-at="2009-08-05T15:42:55Z">
          <params>
            <param index="0">
              <value>
                <![CDATA[public void org.broadleafcommerce.order.dao.FulfillmentGroupDaoTest.createFulfillmentGroup(org.broadleafcommerce.order.domain.FulfillmentGroup)]]>
              </value>
            </param>
          </params>
        </test-method>
        <test-method status="PASS" signature="springTestContextPrepareTestInstance()" name="springTestContextPrepareTestInstance" is-config="true" duration-ms="20" started-at="2009-08-05T15:42:54Z" finished-at="2009-08-05T15:42:54Z">
        </test-method>
        <test-method status="PASS" signature="createDefaultFulfillmentGroup(org.broadleafcommerce.order.domain.FulfillmentGroup)" name="createDefaultFulfillmentGroup" duration-ms="376" depends-on-groups="createOrder, createCustomerAddress" started-at="2009-08-05T15:42:54Z" finished-at="2009-08-05T15:42:55Z">
          <params>
            <param index="0">
              <value>
                <![CDATA[org.broadleafcommerce.order.domain.FulfillmentGroupImpl@3c2]]>
              </value>
            </param>
          </params>
        </test-method>
        <test-method status="PASS" signature="readDefaultFulfillmentGroupForOrder()" name="readDefaultFulfillmentGroupForOrder" duration-ms="3" depends-on-groups="createDefaultFulfillmentGroup" started-at="2009-08-05T15:42:55Z" finished-at="2009-08-05T15:42:55Z">
        </test-method>
        <test-method status="PASS" signature="springTestContextBeforeTestMethod(java.lang.reflect.Method)" name="springTestContextBeforeTestMethod" is-config="true" duration-ms="1" started-at="2009-08-05T15:42:55Z" finished-at="2009-08-05T15:42:55Z">
          <params>
            <param index="0">
              <value>
                <![CDATA[public void org.broadleafcommerce.order.dao.FulfillmentGroupDaoTest.createFulfillmentGroup(org.broadleafcommerce.order.domain.FulfillmentGroup)]]>
              </value>
            </param>
          </params>
        </test-method>
        <test-method status="PASS" signature="readDefaultFulfillmentGroupForId()" name="readDefaultFulfillmentGroupForId" duration-ms="1" depends-on-groups="createDefaultFulfillmentGroup" started-at="2009-08-05T15:42:57Z" finished-at="2009-08-05T15:42:57Z">
        </test-method>
        <test-method status="PASS" signature="springTestContextBeforeTestMethod(java.lang.reflect.Method)" name="springTestContextBeforeTestMethod" is-config="true" duration-ms="0" started-at="2009-08-05T15:42:55Z" finished-at="2009-08-05T15:42:55Z">
          <params>
            <param index="0">
              <value>
                <![CDATA[public void org.broadleafcommerce.order.dao.FulfillmentGroupDaoTest.readFulfillmentGroupsForId()]]>
              </value>
            </param>
          </params>
        </test-method>
        <test-method status="PASS" signature="readFulfillmentGroupsForId()" name="readFulfillmentGroupsForId" duration-ms="3" depends-on-groups="createFulfillmentGroup" started-at="2009-08-05T15:42:55Z" finished-at="2009-08-05T15:42:55Z">
        </test-method>
        <test-method status="PASS" signature="springTestContextAfterTestMethod(java.lang.reflect.Method)" name="springTestContextAfterTestMethod" is-config="true" duration-ms="0" started-at="2009-08-05T15:42:55Z" finished-at="2009-08-05T15:42:55Z">
          <params>
            <param index="0">
              <value>
                <![CDATA[public void org.broadleafcommerce.order.dao.FulfillmentGroupDaoTest.readDefaultFulfillmentGroupForOrder()]]>
              </value>
            </param>
          </params>
        </test-method>
        <test-method status="PASS" signature="springTestContextAfterTestMethod(java.lang.reflect.Method)" name="springTestContextAfterTestMethod" is-config="true" duration-ms="1" started-at="2009-08-05T15:42:55Z" finished-at="2009-08-05T15:42:55Z">
          <params>
            <param index="0">
              <value>
                <![CDATA[public void org.broadleafcommerce.order.dao.FulfillmentGroupDaoTest.readFulfillmentGroupsForId()]]>
              </value>
            </param>
          </params>
        </test-method>
        <test-method status="PASS" signature="springTestContextAfterTestMethod(java.lang.reflect.Method)" name="springTestContextAfterTestMethod" is-config="true" duration-ms="1" started-at="2009-08-05T15:42:57Z" finished-at="2009-08-05T15:42:57Z">
          <params>
            <param index="0">
              <value>
                <![CDATA[public void org.broadleafcommerce.order.dao.FulfillmentGroupDaoTest.readDefaultFulfillmentGroupForId()]]>
              </value>
            </param>
          </params>
        </test-method>
        <test-method status="PASS" signature="springTestContextBeforeTestMethod(java.lang.reflect.Method)" name="springTestContextBeforeTestMethod" is-config="true" duration-ms="1" started-at="2009-08-05T15:42:55Z" finished-at="2009-08-05T15:42:55Z">
          <params>
            <param index="0">
              <value>
                <![CDATA[public void org.broadleafcommerce.order.dao.FulfillmentGroupDaoTest.readDefaultFulfillmentGroupForOrder()]]>
              </value>
            </param>
          </params>
        </test-method>
        <test-method status="PASS" signature="setup()" name="setup" is-config="true" duration-ms="0" started-at="2009-08-05T15:42:54Z" finished-at="2009-08-05T15:42:54Z">
        </test-method>
        <test-method status="PASS" signature="springTestContextBeforeTestMethod(java.lang.reflect.Method)" name="springTestContextBeforeTestMethod" is-config="true" duration-ms="1" started-at="2009-08-05T15:42:54Z" finished-at="2009-08-05T15:42:54Z">
          <params>
            <param index="0">
              <value>
                <![CDATA[public void org.broadleafcommerce.order.dao.FulfillmentGroupDaoTest.createDefaultFulfillmentGroup(org.broadleafcommerce.order.domain.FulfillmentGroup)]]>
              </value>
            </param>
          </params>
        </test-method>
        <test-method status="PASS" signature="springTestContextBeforeTestMethod(java.lang.reflect.Method)" name="springTestContextBeforeTestMethod" is-config="true" duration-ms="1" started-at="2009-08-05T15:42:57Z" finished-at="2009-08-05T15:42:57Z">
          <params>
            <param index="0">
              <value>
                <![CDATA[public void org.broadleafcommerce.order.dao.FulfillmentGroupDaoTest.readDefaultFulfillmentGroupForId()]]>
              </value>
            </param>
          </params>
        </test-method>
      </class>
      <class name="org.broadleafcommerce.profile.service.IdGenerationTest">
        <test-method status="PASS" signature="springTestContextAfterTestMethod(java.lang.reflect.Method)" name="springTestContextAfterTestMethod" is-config="true" duration-ms="1" started-at="2009-08-05T15:42:53Z" finished-at="2009-08-05T15:42:53Z">
          <params>
            <param index="0">
              <value>
                <![CDATA[public void org.broadleafcommerce.profile.service.IdGenerationTest.findIds()]]>
              </value>
            </param>
          </params>
        </test-method>
        <test-method status="PASS" signature="tearDown()" name="tearDown" is-config="true" duration-ms="0" started-at="2009-08-05T15:42:53Z" finished-at="2009-08-05T15:42:53Z">
        </test-method>
        <test-method status="PASS" signature="springTestContextPrepareTestInstance()" name="springTestContextPrepareTestInstance" is-config="true" duration-ms="18" started-at="2009-08-05T15:42:53Z" finished-at="2009-08-05T15:42:53Z">
        </test-method>
        <test-method status="PASS" signature="springTestContextAfterTestMethod(java.lang.reflect.Method)" name="springTestContextAfterTestMethod" is-config="true" duration-ms="2" started-at="2009-08-05T15:42:53Z" finished-at="2009-08-05T15:42:53Z">
          <params>
            <param index="0">
              <value>
                <![CDATA[public void org.broadleafcommerce.profile.service.IdGenerationTest.createId()]]>
              </value>
            </param>
          </params>
        </test-method>
        <test-method status="PASS" signature="springTestContextBeforeTestMethod(java.lang.reflect.Method)" name="springTestContextBeforeTestMethod" is-config="true" duration-ms="1" started-at="2009-08-05T15:42:53Z" finished-at="2009-08-05T15:42:53Z">
          <params>
            <param index="0">
              <value>
                <![CDATA[public void org.broadleafcommerce.profile.service.IdGenerationTest.createId()]]>
              </value>
            </param>
          </params>
        </test-method>
        <test-method status="PASS" signature="findIds()" name="findIds" duration-ms="11" depends-on-groups="createId" started-at="2009-08-05T15:42:53Z" finished-at="2009-08-05T15:42:53Z">
        </test-method>
        <test-method status="PASS" signature="springTestContextBeforeTestMethod(java.lang.reflect.Method)" name="springTestContextBeforeTestMethod" is-config="true" duration-ms="1" started-at="2009-08-05T15:42:53Z" finished-at="2009-08-05T15:42:53Z">
          <params>
            <param index="0">
              <value>
                <![CDATA[public void org.broadleafcommerce.profile.service.IdGenerationTest.findIds()]]>
              </value>
            </param>
          </params>
        </test-method>
        <test-method status="PASS" signature="createId()" name="createId" duration-ms="0" started-at="2009-08-05T15:42:53Z" finished-at="2009-08-05T15:42:53Z">
        </test-method>
        <test-method status="PASS" signature="setup()" name="setup" is-config="true" duration-ms="0" started-at="2009-08-05T15:42:53Z" finished-at="2009-08-05T15:42:53Z">
        </test-method>
      </class>
      <class name="org.broadleafcommerce.catalog.dao.SkuDaoTest">
        <test-method status="SKIP" signature="readFirstSku()" name="readFirstSku" duration-ms="0" depends-on-groups="createSku" started-at="2009-08-05T15:42:55Z" finished-at="2009-08-05T15:42:55Z">
        </test-method>
        <test-method status="PASS" signature="tearDown()" name="tearDown" is-config="true" duration-ms="0" started-at="2009-08-05T15:42:55Z" finished-at="2009-08-05T15:42:55Z">
        </test-method>
        <test-method status="PASS" signature="springTestContextPrepareTestInstance()" name="springTestContextPrepareTestInstance" is-config="true" duration-ms="13" started-at="2009-08-05T15:42:55Z" finished-at="2009-08-05T15:42:55Z">
        </test-method>
        <test-method status="SKIP" signature="createSku(org.broadleafcommerce.catalog.domain.Sku)" name="createSku" duration-ms="0" depends-on-groups="createProduct, readCustomer1, createOrder" started-at="2009-08-05T15:42:55Z" finished-at="2009-08-05T15:42:55Z">
          <exception class="java.lang.Throwable">
            <message>
              <![CDATA[Method org.broadleafcommerce.catalog.dao.SkuDaoTest.createSku(org.broadleafcommerce.catalog.domain.Sku) depends on nonexistent group "createProduct"]]>
            </message>
            <full-stacktrace>
              <![CDATA[java.lang.Throwable: Method org.broadleafcommerce.catalog.dao.SkuDaoTest.createSku(org.broadleafcommerce.catalog.domain.Sku) depends on nonexistent group "createProduct"
	at org.testng.internal.Invoker.invokeTestMethods(Invoker.java:1036)
	at org.testng.internal.TestMethodWorker.invokeTestMethods(TestMethodWorker.java:126)
	at org.testng.internal.TestMethodWorker.run(TestMethodWorker.java:110)
	at org.testng.TestRunner.runWorkers(TestRunner.java:759)
	at org.testng.TestRunner.privateRun(TestRunner.java:592)
	at org.testng.TestRunner.run(TestRunner.java:486)
	at org.testng.SuiteRunner.runTest(SuiteRunner.java:332)
	at org.testng.SuiteRunner.runSequentially(SuiteRunner.java:327)
	at org.testng.SuiteRunner.privateRun(SuiteRunner.java:299)
	at org.testng.SuiteRunner.run(SuiteRunner.java:204)
	at org.testng.TestNG.createAndRunSuiteRunners(TestNG.java:877)
	at org.testng.TestNG.runSuitesLocally(TestNG.java:842)
	at org.testng.TestNG.run(TestNG.java:751)
	at org.apache.maven.surefire.testng.TestNGExecutor.run(TestNGExecutor.java:62)
	at org.apache.maven.surefire.testng.TestNGDirectoryTestSuite.execute(TestNGDirectoryTestSuite.java:141)
	at org.apache.maven.surefire.Surefire.run(Surefire.java:177)
	at sun.reflect.NativeMethodAccessorImpl.invoke0(Native Method)
	at sun.reflect.NativeMethodAccessorImpl.invoke(NativeMethodAccessorImpl.java:39)
	at sun.reflect.DelegatingMethodAccessorImpl.invoke(DelegatingMethodAccessorImpl.java:25)
	at java.lang.reflect.Method.invoke(Method.java:585)
	at org.apache.maven.surefire.booter.SurefireBooter.runSuitesInProcess(SurefireBooter.java:338)
	at org.apache.maven.surefire.booter.SurefireBooter.main(SurefireBooter.java:997)
]]>
            </full-stacktrace>
          </exception>
        </test-method>
        <test-method status="SKIP" signature="readSkuById()" name="readSkuById" duration-ms="0" depends-on-groups="createSku" started-at="2009-08-05T15:42:55Z" finished-at="2009-08-05T15:42:55Z">
        </test-method>
        <test-method status="PASS" signature="setup()" name="setup" is-config="true" duration-ms="0" started-at="2009-08-05T15:42:55Z" finished-at="2009-08-05T15:42:55Z">
        </test-method>
      </class>
      <class name="org.broadleafcommerce.test.OrmTest">
        <test-method status="PASS" signature="setup()" name="setup" is-config="true" duration-ms="0" started-at="2009-08-05T15:42:59Z" finished-at="2009-08-05T15:42:59Z">
        </test-method>
        <test-method status="PASS" signature="springTestContextPrepareTestInstance()" name="springTestContextPrepareTestInstance" is-config="true" duration-ms="16" started-at="2009-08-05T15:42:59Z" finished-at="2009-08-05T15:42:59Z">
        </test-method>
        <test-method status="PASS" signature="tearDown()" name="tearDown" is-config="true" duration-ms="0" started-at="2009-08-05T15:42:59Z" finished-at="2009-08-05T15:42:59Z">
        </test-method>
        <test-method status="PASS" signature="springTestContextBeforeTestMethod(java.lang.reflect.Method)" name="springTestContextBeforeTestMethod" is-config="true" duration-ms="1" started-at="2009-08-05T15:42:59Z" finished-at="2009-08-05T15:42:59Z">
          <params>
            <param index="0">
              <value>
                <![CDATA[public void org.broadleafcommerce.test.OrmTest.testMappings()]]>
              </value>
            </param>
          </params>
        </test-method>
        <test-method status="PASS" signature="springTestContextAfterTestMethod(java.lang.reflect.Method)" name="springTestContextAfterTestMethod" is-config="true" duration-ms="0" started-at="2009-08-05T15:42:59Z" finished-at="2009-08-05T15:42:59Z">
          <params>
            <param index="0">
              <value>
                <![CDATA[public void org.broadleafcommerce.test.OrmTest.testMappings()]]>
              </value>
            </param>
          </params>
        </test-method>
        <test-method status="PASS" signature="testMappings()" name="testMappings" duration-ms="0" started-at="2009-08-05T15:42:59Z" finished-at="2009-08-05T15:42:59Z">
        </test-method>
      </class>
      <class name="org.broadleafcommerce.payment.service.PaymentInfoServiceTest">
        <test-method status="PASS" signature="setup()" name="setup" is-config="true" duration-ms="0" started-at="2009-08-05T15:42:55Z" finished-at="2009-08-05T15:42:55Z">
        </test-method>
        <test-method status="PASS" signature="tearDown()" name="tearDown" is-config="true" duration-ms="0" started-at="2009-08-05T15:42:58Z" finished-at="2009-08-05T15:42:58Z">
        </test-method>
        <test-method status="PASS" signature="springTestContextPrepareTestInstance()" name="springTestContextPrepareTestInstance" is-config="true" duration-ms="291" started-at="2009-08-05T15:42:55Z" finished-at="2009-08-05T15:42:55Z">
        </test-method>
        <test-method status="PASS" signature="springTestContextAfterTestMethod(java.lang.reflect.Method)" name="springTestContextAfterTestMethod" is-config="true" duration-ms="0" started-at="2009-08-05T15:42:55Z" finished-at="2009-08-05T15:42:55Z">
          <params>
            <param index="0">
              <value>
                <![CDATA[public void org.broadleafcommerce.payment.service.PaymentInfoServiceTest.readPaymentInfoById()]]>
              </value>
            </param>
          </params>
        </test-method>
        <test-method status="PASS" signature="springTestContextAfterTestMethod(java.lang.reflect.Method)" name="springTestContextAfterTestMethod" is-config="true" duration-ms="2" started-at="2009-08-05T15:42:55Z" finished-at="2009-08-05T15:42:55Z">
          <params>
            <param index="0">
              <value>
                <![CDATA[public void org.broadleafcommerce.payment.service.PaymentInfoServiceTest.createPaymentInfo(org.broadleafcommerce.payment.domain.PaymentInfo)]]>
              </value>
            </param>
          </params>
        </test-method>
        <test-method status="PASS" signature="createTestPaymentInfo()" name="createTestPaymentInfo" duration-ms="8" depends-on-groups="createPaymentInfo" started-at="2009-08-05T15:42:58Z" finished-at="2009-08-05T15:42:58Z">
        </test-method>
        <test-method status="PASS" signature="springTestContextBeforeTestMethod(java.lang.reflect.Method)" name="springTestContextBeforeTestMethod" is-config="true" duration-ms="1" started-at="2009-08-05T15:42:55Z" finished-at="2009-08-05T15:42:55Z">
          <params>
            <param index="0">
              <value>
                <![CDATA[public void org.broadleafcommerce.payment.service.PaymentInfoServiceTest.createPaymentInfo(org.broadleafcommerce.payment.domain.PaymentInfo)]]>
              </value>
            </param>
          </params>
        </test-method>
        <test-method status="PASS" signature="springTestContextBeforeTestMethod(java.lang.reflect.Method)" name="springTestContextBeforeTestMethod" is-config="true" duration-ms="1" started-at="2009-08-05T15:42:58Z" finished-at="2009-08-05T15:42:58Z">
          <params>
            <param index="0">
              <value>
                <![CDATA[public void org.broadleafcommerce.payment.service.PaymentInfoServiceTest.createTestPaymentInfo()]]>
              </value>
            </param>
          </params>
        </test-method>
        <test-method status="PASS" signature="readPaymentInfoById()" name="readPaymentInfoById" duration-ms="360" depends-on-groups="createPaymentInfo" started-at="2009-08-05T15:42:55Z" finished-at="2009-08-05T15:42:55Z">
        </test-method>
        <test-method status="PASS" signature="springTestContextAfterTestMethod(java.lang.reflect.Method)" name="springTestContextAfterTestMethod" is-config="true" duration-ms="1" started-at="2009-08-05T15:42:55Z" finished-at="2009-08-05T15:42:55Z">
          <params>
            <param index="0">
              <value>
                <![CDATA[public void org.broadleafcommerce.payment.service.PaymentInfoServiceTest.readPaymentInfoByOrder()]]>
              </value>
            </param>
          </params>
        </test-method>
        <test-method status="PASS" signature="readPaymentInfoByOrder()" name="readPaymentInfoByOrder" duration-ms="1" depends-on-groups="createPaymentInfo" started-at="2009-08-05T15:42:55Z" finished-at="2009-08-05T15:42:55Z">
        </test-method>
        <test-method status="PASS" signature="springTestContextBeforeTestMethod(java.lang.reflect.Method)" name="springTestContextBeforeTestMethod" is-config="true" duration-ms="0" started-at="2009-08-05T15:42:55Z" finished-at="2009-08-05T15:42:55Z">
          <params>
            <param index="0">
              <value>
                <![CDATA[public void org.broadleafcommerce.payment.service.PaymentInfoServiceTest.readPaymentInfoByOrder()]]>
              </value>
            </param>
          </params>
        </test-method>
        <test-method status="PASS" signature="springTestContextAfterTestMethod(java.lang.reflect.Method)" name="springTestContextAfterTestMethod" is-config="true" duration-ms="0" started-at="2009-08-05T15:42:58Z" finished-at="2009-08-05T15:42:58Z">
          <params>
            <param index="0">
              <value>
                <![CDATA[public void org.broadleafcommerce.payment.service.PaymentInfoServiceTest.createTestPaymentInfo()]]>
              </value>
            </param>
          </params>
        </test-method>
        <test-method status="PASS" signature="createPaymentInfo(org.broadleafcommerce.payment.domain.PaymentInfo)" name="createPaymentInfo" duration-ms="5" depends-on-groups="readCustomer1, createOrder" started-at="2009-08-05T15:42:55Z" finished-at="2009-08-05T15:42:55Z">
          <params>
            <param index="0">
              <value>
                <![CDATA[org.broadleafcommerce.payment.domain.PaymentInfoImpl@1aa42fc2]]>
              </value>
            </param>
          </params>
        </test-method>
        <test-method status="PASS" signature="springTestContextBeforeTestMethod(java.lang.reflect.Method)" name="springTestContextBeforeTestMethod" is-config="true" duration-ms="1" started-at="2009-08-05T15:42:55Z" finished-at="2009-08-05T15:42:55Z">
          <params>
            <param index="0">
              <value>
                <![CDATA[public void org.broadleafcommerce.payment.service.PaymentInfoServiceTest.readPaymentInfoById()]]>
              </value>
            </param>
          </params>
        </test-method>
      </class>
      <class name="org.broadleafcommerce.offer.service.OfferServiceTest">
        <test-method status="PASS" signature="tearDown()" name="tearDown" is-config="true" duration-ms="0" started-at="2009-08-05T15:42:55Z" finished-at="2009-08-05T15:42:55Z">
        </test-method>
        <test-method status="PASS" signature="springTestContextPrepareTestInstance()" name="springTestContextPrepareTestInstance" is-config="true" duration-ms="13" started-at="2009-08-05T15:42:55Z" finished-at="2009-08-05T15:42:55Z">
        </test-method>
        <test-method status="PASS" signature="setup()" name="setup" is-config="true" duration-ms="0" started-at="2009-08-05T15:42:55Z" finished-at="2009-08-05T15:42:55Z">
        </test-method>
        <test-method status="SKIP" signature="applyOffersToOrder(java.util.List)" name="applyOffersToOrder" duration-ms="0" depends-on-groups="getItemsForOrder, findCurrentCartForCustomer" started-at="2009-08-05T15:42:55Z" finished-at="2009-08-05T15:42:55Z">
        </test-method>
      </class>
      <class name="org.broadleafcommerce.profile.service.CustomerTest">
        <test-method status="PASS" signature="springTestContextBeforeTestMethod(java.lang.reflect.Method)" name="springTestContextBeforeTestMethod" is-config="true" duration-ms="1" started-at="2009-08-05T15:42:53Z" finished-at="2009-08-05T15:42:53Z">
          <params>
            <param index="0">
              <value>
                <![CDATA[public void org.broadleafcommerce.profile.service.CustomerTest.readCustomersByUsername1()]]>
              </value>
            </param>
          </params>
        </test-method>
        <test-method status="PASS" signature="springTestContextAfterTestMethod(java.lang.reflect.Method)" name="springTestContextAfterTestMethod" is-config="true" duration-ms="1" started-at="2009-08-05T15:42:53Z" finished-at="2009-08-05T15:42:53Z">
          <params>
            <param index="0">
              <value>
                <![CDATA[public void org.broadleafcommerce.profile.service.CustomerTest.readCustomersByUsername2()]]>
              </value>
            </param>
          </params>
        </test-method>
        <test-method status="PASS" signature="springTestContextAfterTestMethod(java.lang.reflect.Method)" name="springTestContextAfterTestMethod" is-config="true" duration-ms="0" started-at="2009-08-05T15:42:54Z" finished-at="2009-08-05T15:42:54Z">
          <params>
            <param index="0">
              <value>
                <![CDATA[public void org.broadleafcommerce.profile.service.CustomerTest.readCustomersById()]]>
              </value>
            </param>
          </params>
        </test-method>
        <test-method status="PASS" signature="springTestContextBeforeTestMethod(java.lang.reflect.Method)" name="springTestContextBeforeTestMethod" is-config="true" duration-ms="1" started-at="2009-08-05T15:42:53Z" finished-at="2009-08-05T15:42:53Z">
          <params>
            <param index="0">
              <value>
                <![CDATA[public void org.broadleafcommerce.profile.service.CustomerTest.createCustomer(org.broadleafcommerce.profile.domain.Customer)]]>
              </value>
            </param>
          </params>
        </test-method>
        <test-method status="PASS" signature="springTestContextBeforeTestMethod(java.lang.reflect.Method)" name="springTestContextBeforeTestMethod" is-config="true" duration-ms="1" started-at="2009-08-05T15:42:53Z" finished-at="2009-08-05T15:42:53Z">
          <params>
            <param index="0">
              <value>
                <![CDATA[public void org.broadleafcommerce.profile.service.CustomerTest.readCustomersByUsername2()]]>
              </value>
            </param>
          </params>
        </test-method>
        <test-method status="PASS" signature="createCustomerIdGeneration()" name="createCustomerIdGeneration" duration-ms="1" started-at="2009-08-05T15:42:53Z" finished-at="2009-08-05T15:42:53Z">
        </test-method>
        <test-method status="PASS" signature="createCustomer(org.broadleafcommerce.profile.domain.Customer)" name="createCustomer" duration-ms="19" depends-on-groups="createCustomerIdGeneration" started-at="2009-08-05T15:42:53Z" finished-at="2009-08-05T15:42:53Z">
          <params>
            <param index="0">
              <value>
                <![CDATA[org.broadleafcommerce.profile.domain.CustomerImpl@600e7c32]]>
[...]
            </param>
          </params>
        </test-method>
        <test-method status="PASS" signature="springTestContextPrepareTestInstance()" name="springTestContextPrepareTestInstance" is-config="true" duration-ms="16" started-at="2009-08-05T15:42:54Z" finished-at="2009-08-05T15:42:54Z">
        </test-method>
        <test-method status="PASS" signature="createSkuAvailability(org.broadleafcommerce.inventory.domain.SkuAvailability)" name="createSkuAvailability" duration-ms="0" started-at="2009-08-05T15:42:54Z" finished-at="2009-08-05T15:42:54Z">
          <params>
            <param index="0">
              <value>
                <![CDATA[org.broadleafcommerce.inventory.domain.SkuAvailabilityImpl@3e3]]>
              </value>
            </param>
          </params>
        </test-method>
        <test-method status="PASS" signature="createSkuAvailability(org.broadleafcommerce.inventory.domain.SkuAvailability)" name="createSkuAvailability" duration-ms="1" started-at="2009-08-05T15:42:54Z" finished-at="2009-08-05T15:42:54Z">
          <params>
            <param index="0">
              <value>
                <![CDATA[org.broadleafcommerce.inventory.domain.SkuAvailabilityImpl@3e5]]>
              </value>
            </param>
          </params>
        </test-method>
        <test-method status="PASS" signature="springTestContextAfterTestMethod(java.lang.reflect.Method)" name="springTestContextAfterTestMethod" is-config="true" duration-ms="6" started-at="2009-08-05T15:42:54Z" finished-at="2009-08-05T15:42:54Z">
          <params>
            <param index="0">
              <value>
                <![CDATA[public void org.broadleafcommerce.inventory.service.SkuAvailabilityTest.createSkuAvailability(org.broadleafcommerce.inventory.domain.SkuAvailability)]]>
              </value>
            </param>
          </params>
        </test-method>
        <test-method status="PASS" signature="springTestContextBeforeTestMethod(java.lang.reflect.Method)" name="springTestContextBeforeTestMethod" is-config="true" duration-ms="1" started-at="2009-08-05T15:42:54Z" finished-at="2009-08-05T15:42:54Z">
          <params>
            <param index="0">
              <value>
                <![CDATA[public void org.broadleafcommerce.inventory.service.SkuAvailabilityTest.createSkuAvailability(org.broadleafcommerce.inventory.domain.SkuAvailability)]]>
              </value>
            </param>
          </params>
        </test-method>
        <test-method status="PASS" signature="springTestContextAfterTestMethod(java.lang.reflect.Method)" name="springTestContextAfterTestMethod" is-config="true" duration-ms="1" started-at="2009-08-05T15:42:55Z" finished-at="2009-08-05T15:42:55Z">
          <params>
            <param index="0">
              <value>
                <![CDATA[public void org.broadleafcommerce.inventory.service.SkuAvailabilityTest.readSKUAvailabilityEntries()]]>
              </value>
            </param>
          </params>
        </test-method>
        <test-method status="PASS" signature="checkAvailableQuantityWithReserveAndQOH()" name="checkAvailableQuantityWithReserveAndQOH" duration-ms="1" depends-on-groups="createSkuAvailability" started-at="2009-08-05T15:42:54Z" finished-at="2009-08-05T15:42:54Z">
        </test-method>
        <test-method status="PASS" signature="readSKUAvailabilityEntries()" name="readSKUAvailabilityEntries" duration-ms="6" depends-on-groups="createSkuAvailability" started-at="2009-08-05T15:42:55Z" finished-at="2009-08-05T15:42:55Z">
        </test-method>
        <test-method status="PASS" signature="createSkuAvailability(org.broadleafcommerce.inventory.domain.SkuAvailability)" name="createSkuAvailability" duration-ms="1" started-at="2009-08-05T15:42:54Z" finished-at="2009-08-05T15:42:54Z">
          <params>
            <param index="0">
              <value>
                <![CDATA[org.broadleafcommerce.inventory.domain.SkuAvailabilityImpl@3e1]]>
              </value>
            </param>
          </params>
        </test-method>
        <test-method status="PASS" signature="springTestContextAfterTestMethod(java.lang.reflect.Method)" name="springTestContextAfterTestMethod" is-config="true" duration-ms="0" started-at="2009-08-05T15:42:56Z" finished-at="2009-08-05T15:42:56Z">
          <params>
            <param index="0">
              <value>
                <![CDATA[public void org.broadleafcommerce.inventory.service.SkuAvailabilityTest.checkAvailableQuantityWithNullReserveQty()]]>
              </value>
            </param>
          </params>
        </test-method>
        <test-method status="PASS" signature="springTestContextAfterTestMethod(java.lang.reflect.Method)" name="springTestContextAfterTestMethod" is-config="true" duration-ms="1" started-at="2009-08-05T15:42:54Z" finished-at="2009-08-05T15:42:54Z">
          <params>
            <param index="0">
              <value>
                <![CDATA[public void org.broadleafcommerce.inventory.service.SkuAvailabilityTest.createSkuAvailability(org.broadleafcommerce.inventory.domain.SkuAvailability)]]>
              </value>
            </param>
          </params>
        </test-method>
        <test-method status="PASS" signature="springTestContextAfterTestMethod(java.lang.reflect.Method)" name="springTestContextAfterTestMethod" is-config="true" duration-ms="1" started-at="2009-08-05T15:42:54Z" finished-at="2009-08-05T15:42:54Z">
          <params>
            <param index="0">
              <value>
                <![CDATA[public void org.broadleafcommerce.inventory.service.SkuAvailabilityTest.readAvailableSkusForUnknownLocation()]]>
              </value>
            </param>
          </params>
        </test-method>
        <test-method status="PASS" signature="springTestContextAfterTestMethod(java.lang.reflect.Method)" name="springTestContextAfterTestMethod" is-config="true" duration-ms="1" started-at="2009-08-05T15:42:54Z" finished-at="2009-08-05T15:42:54Z">
          <params>
            <param index="0">
              <value>
                <![CDATA[public void org.broadleafcommerce.inventory.service.SkuAvailabilityTest.createSkuAvailability(org.broadleafcommerce.inventory.domain.SkuAvailability)]]>
              </value>
            </param>
          </params>
        </test-method>
        <test-method status="PASS" signature="readAvailableSkusForLocation()" name="readAvailableSkusForLocation" duration-ms="4" depends-on-groups="createSkuAvailability" started-at="2009-08-05T15:42:54Z" finished-at="2009-08-05T15:42:54Z">
        </test-method>
        <test-method status="PASS" signature="springTestContextBeforeTestMethod(java.lang.reflect.Method)" name="springTestContextBeforeTestMethod" is-config="true" duration-ms="1" started-at="2009-08-05T15:42:54Z" finished-at="2009-08-05T15:42:54Z">
          <params>
            <param index="0">
              <value>
                <![CDATA[public void org.broadleafcommerce.inventory.service.SkuAvailabilityTest.createSkuAvailability(org.broadleafcommerce.inventory.domain.SkuAvailability)]]>
              </value>
            </param>
          </params>
        </test-method>
        <test-method status="PASS" signature="createSkuAvailability(org.broadleafcommerce.inventory.domain.SkuAvailability)" name="createSkuAvailability" duration-ms="2" started-at="2009-08-05T15:42:54Z" finished-at="2009-08-05T15:42:54Z">
          <params>
            <param index="0">
              <value>
                <![CDATA[org.broadleafcommerce.inventory.domain.SkuAvailabilityImpl@3c2]]>
              </value>
            </param>
          </params>
        </test-method>
        <test-method status="PASS" signature="springTestContextAfterTestMethod(java.lang.reflect.Method)" name="springTestContextAfterTestMethod" is-config="true" duration-ms="1" started-at="2009-08-05T15:42:54Z" finished-at="2009-08-05T15:42:54Z">
          <params>
            <param index="0">
              <value>
                <![CDATA[public void org.broadleafcommerce.inventory.service.SkuAvailabilityTest.checkAvailableQuantityWithNullQuantityOnHand()]]>
              </value>
            </param>
          </params>
        </test-method>
        <test-method status="PASS" signature="createSkuAvailability(org.broadleafcommerce.inventory.domain.SkuAvailability)" name="createSkuAvailability" duration-ms="0" started-at="2009-08-05T15:42:54Z" finished-at="2009-08-05T15:42:54Z">
          <params>
            <param index="0">
              <value>
                <![CDATA[org.broadleafcommerce.inventory.domain.SkuAvailabilityImpl@3e2]]>
              </value>
            </param>
          </params>
        </test-method>
        <test-method status="PASS" signature="springTestContextBeforeTestMethod(java.lang.reflect.Method)" name="springTestContextBeforeTestMethod" is-config="true" duration-ms="0" started-at="2009-08-05T15:42:54Z" finished-at="2009-08-05T15:42:54Z">
          <params>
            <param index="0">
              <value>
                <![CDATA[public void org.broadleafcommerce.inventory.service.SkuAvailabilityTest.checkAvailableQuantityWithReserveAndQOH()]]>
              </value>
            </param>
          </params>
        </test-method>
        <test-method status="PASS" signature="springTestContextAfterTestMethod(java.lang.reflect.Method)" name="springTestContextAfterTestMethod" is-config="true" duration-ms="1" started-at="2009-08-05T15:42:54Z" finished-at="2009-08-05T15:42:54Z">
          <params>
            <param index="0">
              <value>
                <![CDATA[public void org.broadleafcommerce.inventory.service.SkuAvailabilityTest.checkAvailableQuantityWithReserveAndQOH()]]>
              </value>
            </param>
          </params>
        </test-method>
        <test-method status="PASS" signature="springTestContextBeforeTestMethod(java.lang.reflect.Method)" name="springTestContextBeforeTestMethod" is-config="true" duration-ms="1" started-at="2009-08-05T15:42:54Z" finished-at="2009-08-05T15:42:54Z">
          <params>
            <param index="0">
              <value>
                <![CDATA[public void org.broadleafcommerce.inventory.service.SkuAvailabilityTest.createSkuAvailability(org.broadleafcommerce.inventory.domain.SkuAvailability)]]>
              </value>
            </param>
          </params>
        </test-method>
        <test-method status="PASS" signature="springTestContextBeforeTestMethod(java.lang.reflect.Method)" name="springTestContextBeforeTestMethod" is-config="true" duration-ms="0" started-at="2009-08-05T15:42:55Z" finished-at="2009-08-05T15:42:55Z">
          <params>
            <param index="0">
              <value>
                <![CDATA[public void org.broadleafcommerce.inventory.service.SkuAvailabilityTest.readSKUAvailabilityEntries()]]>
              </value>
            </param>
          </params>
        </test-method>
        <test-method status="PASS" signature="springTestContextBeforeTestMethod(java.lang.reflect.Method)" name="springTestContextBeforeTestMethod" is-config="true" duration-ms="1" started-at="2009-08-05T15:42:54Z" finished-at="2009-08-05T15:42:54Z">
          <params>
            <param index="0">
              <value>
                <![CDATA[public void org.broadleafcommerce.inventory.service.SkuAvailabilityTest.createSkuAvailability(org.broadleafcommerce.inventory.domain.SkuAvailability)]]>
              </value>
            </param>
          </params>
        </test-method>
        <test-method status="PASS" signature="springTestContextBeforeTestMethod(java.lang.reflect.Method)" name="springTestContextBeforeTestMethod" is-config="true" duration-ms="0" started-at="2009-08-05T15:42:54Z" finished-at="2009-08-05T15:42:54Z">
          <params>
            <param index="0">
              <value>
                <![CDATA[public void org.broadleafcommerce.inventory.service.SkuAvailabilityTest.checkAvailableQuantityWithNullQuantityOnHand()]]>
              </value>
            </param>
          </params>
        </test-method>
        <test-method status="PASS" signature="readAvailableSkusForUnknownLocation()" name="readAvailableSkusForUnknownLocation" duration-ms="0" depends-on-groups="createSkuAvailability" started-at="2009-08-05T15:42:54Z" finished-at="2009-08-05T15:42:54Z">
        </test-method>
        <test-method status="PASS" signature="springTestContextBeforeTestMethod(java.lang.reflect.Method)" name="springTestContextBeforeTestMethod" is-config="true" duration-ms="1" started-at="2009-08-05T15:42:54Z" finished-at="2009-08-05T15:42:54Z">
          <params>
            <param index="0">
              <value>
                <![CDATA[public void org.broadleafcommerce.inventory.service.SkuAvailabilityTest.createSkuAvailability(org.broadleafcommerce.inventory.domain.SkuAvailability)]]>
              </value>
            </param>
          </params>
        </test-method>
        <test-method status="PASS" signature="springTestContextAfterTestMethod(java.lang.reflect.Method)" name="springTestContextAfterTestMethod" is-config="true" duration-ms="1" started-at="2009-08-05T15:42:54Z" finished-at="2009-08-05T15:42:54Z">
          <params>
            <param index="0">
              <value>
                <![CDATA[public void org.broadleafcommerce.inventory.service.SkuAvailabilityTest.createSkuAvailability(org.broadleafcommerce.inventory.domain.SkuAvailability)]]>
              </value>
            </param>
          </params>
        </test-method>
        <test-method status="PASS" signature="springTestContextAfterTestMethod(java.lang.reflect.Method)" name="springTestContextAfterTestMethod" is-config="true" duration-ms="1" started-at="2009-08-05T15:42:54Z" finished-at="2009-08-05T15:42:54Z">
          <params>
            <param index="0">
              <value>
                <![CDATA[public void org.broadleafcommerce.inventory.service.SkuAvailabilityTest.createSkuAvailability(org.broadleafcommerce.inventory.domain.SkuAvailability)]]>
              </value>
            </param>
          </params>
        </test-method>
        <test-method status="PASS" signature="springTestContextAfterTestMethod(java.lang.reflect.Method)" name="springTestContextAfterTestMethod" is-config="true" duration-ms="0" started-at="2009-08-05T15:42:54Z" finished-at="2009-08-05T15:42:54Z">
          <params>
            <param index="0">
              <value>
                <![CDATA[public void org.broadleafcommerce.inventory.service.SkuAvailabilityTest.createSkuAvailability(org.broadleafcommerce.inventory.domain.SkuAvailability)]]>
              </value>
            </param>
          </params>
        </test-method>
        <test-method status="PASS" signature="springTestContextAfterTestMethod(java.lang.reflect.Method)" name="springTestContextAfterTestMethod" is-config="true" duration-ms="1" started-at="2009-08-05T15:42:54Z" finished-at="2009-08-05T15:42:54Z">
          <params>
            <param index="0">
              <value>
                <![CDATA[public void org.broadleafcommerce.inventory.service.SkuAvailabilityTest.createSkuAvailability(org.broadleafcommerce.inventory.domain.SkuAvailability)]]>
              </value>
            </param>
          </params>
        </test-method>
        <test-method status="PASS" signature="createSkuAvailability(org.broadleafcommerce.inventory.domain.SkuAvailability)" name="createSkuAvailability" duration-ms="0" started-at="2009-08-05T15:42:54Z" finished-at="2009-08-05T15:42:54Z">
          <params>
            <param index="0">
              <value>
                <![CDATA[org.broadleafcommerce.inventory.domain.SkuAvailabilityImpl@3c3]]>
              </value>
            </param>
          </params>
        </test-method>
        <test-method status="PASS" signature="checkAvailableQuantityWithNullReserveQty()" name="checkAvailableQuantityWithNullReserveQty" duration-ms="2" depends-on-groups="createSkuAvailability" started-at="2009-08-05T15:42:56Z" finished-at="2009-08-05T15:42:56Z">
        </test-method>
        <test-method status="PASS" signature="createSkuAvailability(org.broadleafcommerce.inventory.domain.SkuAvailability)" name="createSkuAvailability" duration-ms="0" started-at="2009-08-05T15:42:54Z" finished-at="2009-08-05T15:42:54Z">
          <params>
            <param index="0">
              <value>
                <![CDATA[org.broadleafcommerce.inventory.domain.SkuAvailabilityImpl@3c5]]>
              </value>
            </param>
          </params>
        </test-method>
        <test-method status="PASS" signature="createSkuAvailability(org.broadleafcommerce.inventory.domain.SkuAvailability)" name="createSkuAvailability" duration-ms="0" started-at="2009-08-05T15:42:54Z" finished-at="2009-08-05T15:42:54Z">
          <params>
            <param index="0">
              <value>
                <![CDATA[org.broadleafcommerce.inventory.domain.SkuAvailabilityImpl@3e4]]>
              </value>
            </param>
          </params>
        </test-method>
        <test-method status="PASS" signature="springTestContextBeforeTestMethod(java.lang.reflect.Method)" name="springTestContextBeforeTestMethod" is-config="true" duration-ms="0" started-at="2009-08-05T15:42:56Z" finished-at="2009-08-05T15:42:56Z">
          <params>
            <param index="0">
              <value>
                <![CDATA[public void org.broadleafcommerce.inventory.service.SkuAvailabilityTest.checkAvailableQuantityWithNullReserveQty()]]>
              </value>
            </param>
          </params>
        </test-method>
        <test-method status="PASS" signature="setup()" name="setup" is-config="true" duration-ms="0" started-at="2009-08-05T15:42:54Z" finished-at="2009-08-05T15:42:54Z">
        </test-method>
        <test-method status="PASS" signature="createSkuAvailability(org.broadleafcommerce.inventory.domain.SkuAvailability)" name="createSkuAvailability" duration-ms="0" started-at="2009-08-05T15:42:54Z" finished-at="2009-08-05T15:42:54Z">
          <params>
            <param index="0">
              <value>
                <![CDATA[org.broadleafcommerce.inventory.domain.SkuAvailabilityImpl@3c6]]>
              </value>
            </param>
          </params>
        </test-method>
        <test-method status="PASS" signature="springTestContextBeforeTestMethod(java.lang.reflect.Method)" name="springTestContextBeforeTestMethod" is-config="true" duration-ms="1" started-at="2009-08-05T15:42:54Z" finished-at="2009-08-05T15:42:54Z">
          <params>
            <param index="0">
              <value>
                <![CDATA[public void org.broadleafcommerce.inventory.service.SkuAvailabilityTest.readAvailableSkusForLocation()]]>
              </value>
            </param>
          </params>
        </test-method>
        <test-method status="PASS" signature="springTestContextBeforeTestMethod(java.lang.reflect.Method)" name="springTestContextBeforeTestMethod" is-config="true" duration-ms="0" started-at="2009-08-05T15:42:54Z" finished-at="2009-08-05T15:42:54Z">
          <params>
            <param index="0">
              <value>
                <![CDATA[public void org.broadleafcommerce.inventory.service.SkuAvailabilityTest.createSkuAvailability(org.broadleafcommerce.inventory.domain.SkuAvailability)]]>
              </value>
            </param>
          </params>
        </test-method>
        <test-method status="PASS" signature="springTestContextBeforeTestMethod(java.lang.reflect.Method)" name="springTestContextBeforeTestMethod" is-config="true" duration-ms="1" started-at="2009-08-05T15:42:54Z" finished-at="2009-08-05T15:42:54Z">
          <params>
            <param index="0">
              <value>
                <![CDATA[public void org.broadleafcommerce.inventory.service.SkuAvailabilityTest.readAvailableSkusForUnknownLocation()]]>
              </value>
            </param>
          </params>
        </test-method>
      </class>
    </test>
  </suite>
</testng-results>
