<?xml version="1.0" encoding="UTF-8"?>
<testsuite name="commerce-integrationtest" failures="0" tests="81" time="7.891" errors="0">
  <properties/>
  <testcase name="createStateProvince" time="0.016" classname="org.broadleafcommerce.profile.test.AddressTest"/>
  <testcase name="findStateProvinces" time="0.047" classname="org.broadleafcommerce.profile.test.AddressTest"/>
  <testcase name="testMaintainProduct" time="0.015" classname="org.broadleafcommerce.test.integration.ProductDaoTest"/>
  <testcase name="createCustomerIdGeneration" time="0.0" classname="org.broadleafcommerce.profile.test.CustomerTest"/>
  <testcase name="createCustomer" time="0.016" classname="org.broadleafcommerce.profile.test.CustomerTest"/>
  <testcase name="createCustomer" time="0.0" classname="org.broadleafcommerce.profile.test.CustomerTest"/>
  <testcase name="findStateProvinceByShortName" time="0.0" classname="org.broadleafcommerce.profile.test.AddressTest"/>
  <testcase name="createCountry" time="0.0" classname="org.broadleafcommerce.profile.test.AddressTest"/>
  <testcase name="findCountries" time="0.016" classname="org.broadleafcommerce.profile.test.AddressTest"/>
  <testcase name="findCountryByShortName" time="0.0" classname="org.broadleafcommerce.profile.test.AddressTest"/>
  <testcase name="createSkuAvailability" time="0.0" classname="org.broadleafcommerce.inventory.test.SkuAvailabilityTest"/>
  <testcase name="createSkuAvailability" time="0.0" classname="org.broadleafcommerce.inventory.test.SkuAvailabilityTest"/>
  <testcase name="createSkuAvailability" time="0.0" classname="org.broadleafcommerce.inventory.test.SkuAvailabilityTest"/>
  <testcase name="createSkuAvailability" time="0.0" classname="org.broadleafcommerce.inventory.test.SkuAvailabilityTest"/>
  <testcase name="createSkuAvailability" time="0.0" classname="org.broadleafcommerce.inventory.test.SkuAvailabilityTest"/>
  <testcase name="createSkuAvailability" time="0.0" classname="org.broadleafcommerce.inventory.test.SkuAvailabilityTest"/>
  <testcase name="createSkuAvailability" time="0.0" classname="org.broadleafcommerce.inventory.test.SkuAvailabilityTest"/>
  <testcase name="createSkuAvailability" time="0.0" classname="org.broadleafcommerce.inventory.test.SkuAvailabilityTest"/>
  <testcase name="createSkuAvailability" time="0.0" classname="org.broadleafcommerce.inventory.test.SkuAvailabilityTest"/>
  <testcase name="createSkuAvailability" time="0.0" classname="org.broadleafcommerce.inventory.test.SkuAvailabilityTest"/>
  <testcase name="checkAvailableQuantityWithNullQuantityOnHand" time="0.0" classname="org.broadleafcommerce.inventory.test.SkuAvailabilityTest"/>
  <testcase name="readSKUAvailabilityEntries" time="0.016" classname="org.broadleafcommerce.inventory.test.SkuAvailabilityTest"/>
  <testcase name="checkAvailableQuantityWithNullReserveQty" time="0.0" classname="org.broadleafcommerce.inventory.test.SkuAvailabilityTest"/>
  <testcase name="checkAvailableQuantityWithReserveAndQOH" time="0.0" classname="org.broadleafcommerce.inventory.test.SkuAvailabilityTest"/>
  <testcase name="readAvailableSkusForUnknownLocation" time="0.016" classname="org.broadleafcommerce.inventory.test.SkuAvailabilityTest"/>
  <testcase name="createId" time="0.0" classname="org.broadleafcommerce.profile.test.IdGenerationTest"/>
  <testcase name="readCustomersById" time="0.0" classname="org.broadleafcommerce.profile.test.CustomerTest"/>
  <testcase name="readCustomersByUsername1" time="0.0" classname="org.broadleafcommerce.profile.test.CustomerTest"/>
  <testcase name="changeCustomerPasswords" time="0.0" classname="org.broadleafcommerce.profile.test.CustomerTest"/>
  <testcase name="createAddress" time="0.0" classname="org.broadleafcommerce.profile.test.AddressTest"/>
  <testcase name="createAddress" time="0.015" classname="org.broadleafcommerce.profile.test.AddressTest"/>
  <testcase name="readAddressByUserId" time="0.0" classname="org.broadleafcommerce.profile.test.AddressTest"/>
  <testcase name="createPhone" time="0.0" classname="org.broadleafcommerce.profile.test.PhoneTest"/>
  <testcase name="readPhoneByUserId" time="0.0" classname="org.broadleafcommerce.profile.test.PhoneTest"/>
  <testcase name="readPhoneById" time="0.0" classname="org.broadleafcommerce.profile.test.PhoneTest"/>
  <testcase name="createOrder" time="0.0" classname="org.broadleafcommerce.test.integration.OrderDaoTest"/>
  <testcase name="createDefaultFulfillmentGroup" time="0.016" classname="org.broadleafcommerce.test.integration.FulfillmentGroupDaoTest"/>
  <testcase name="readDefaultFulfillmentGroupForId" time="0.0" classname="org.broadleafcommerce.test.integration.FulfillmentGroupDaoTest"/>
  <testcase name="createPaymentInfo" time="0.0" classname="org.broadleafcommerce.test.integration.PaymentInfoDaoTest"/>
  <testcase name="readPaymentInfoByOrder" time="0.0" classname="org.broadleafcommerce.test.integration.PaymentInfoDaoTest"/>
  <testcase name="readPaymentInfoById" time="0.0" classname="org.broadleafcommerce.test.integration.PaymentInfoDaoTest"/>
  <testcase name="createSku" time="0.0" classname="org.broadleafcommerce.test.integration.SkuDaoTest"/>
  <testcase name="createFulfillmentGroup" time="0.0" classname="org.broadleafcommerce.test.integration.FulfillmentGroupDaoTest"/>
  <testcase name="readFulfillmentGroupsForOrder" time="0.0" classname="org.broadleafcommerce.test.integration.FulfillmentGroupDaoTest"/>
  <testcase name="readDefaultFulfillmentGroupForOrder" time="0.0" classname="org.broadleafcommerce.test.integration.FulfillmentGroupDaoTest"/>
  <testcase name="readFirstSku" time="0.015" classname="org.broadleafcommerce.test.integration.SkuDaoTest"/>
  <testcase name="readFulfillmentGroupsForId" time="0.0" classname="org.broadleafcommerce.test.integration.FulfillmentGroupDaoTest"/>
  <testcase name="readOrderById" time="0.0" classname="org.broadleafcommerce.test.integration.OrderDaoTest"/>
  <testcase name="readSkuById" time="0.0" classname="org.broadleafcommerce.test.integration.SkuDaoTest"/>
  <testcase name="deleteOrderForCustomer" time="0.0" classname="org.broadleafcommerce.test.integration.OrderDaoTest"/>
  <testcase name="readCustomersByUsername2" time="0.0" classname="org.broadleafcommerce.profile.test.CustomerTest"/>
  <testcase name="readOrdersForCustomer" time="0.016" classname="org.broadleafcommerce.test.integration.OrderDaoTest"/>
  <testcase name="findIds" time="0.015" classname="org.broadleafcommerce.profile.test.IdGenerationTest"/>
  <testcase name="findCurrentCartForCustomerBeforeCreation" time="0.0" classname="org.broadleafcommerce.test.integration.OrderServiceTest"/>
  <testcase name="findCurrentCartForCustomerAfterCreation" time="0.0" classname="org.broadleafcommerce.test.integration.OrderServiceTest"/>
  <testcase name="addPaymentToOrder" time="0.0" classname="org.broadleafcommerce.test.integration.OrderServiceTest"/>
  <testcase name="getOrdersForCustomer" time="0.016" classname="org.broadleafcommerce.test.integration.OrderServiceTest"/>
  <testcase name="addItemToOrder" time="0.0" classname="org.broadleafcommerce.test.integration.OrderServiceTest"/>
  <testcase name="getItemsForOrder" time="0.015" classname="org.broadleafcommerce.test.integration.OrderServiceTest"/>
  <testcase name="addFulfillmentGroupToOrderFirst" time="0.016" classname="org.broadleafcommerce.test.integration.OrderServiceTest"/>
  <testcase name="removeDefaultFulFillmentGroupForOrder" time="0.0" classname="org.broadleafcommerce.test.integration.OrderServiceTest"/>
  <testcase name="removeItemFromOrderAfterFulfillmentGroups" time="0.031" classname="org.broadleafcommerce.test.integration.OrderServiceTest"/>
  <testcase name="removeItemFromOrder" time="0.0" classname="org.broadleafcommerce.test.integration.OrderServiceTest"/>
  <testcase name="findFillmentGroupForOrderFirst" time="0.0" classname="org.broadleafcommerce.test.integration.OrderServiceTest"/>
  <testcase name="findDefaultFillmentGroupForOrder" time="0.0" classname="org.broadleafcommerce.test.integration.OrderServiceTest"/>
  <testcase name="updateItemsInOrder" time="0.0" classname="org.broadleafcommerce.test.integration.OrderServiceTest"/>
  <testcase name="removeFulFillmentGroupForOrderFirst" time="0.0" classname="org.broadleafcommerce.test.integration.OrderServiceTest"/>
  <testcase name="createOrderItem" time="0.0" classname="org.broadleafcommerce.test.integration.OrderItemDaoTest"/>
  <testcase name="readOrderItemsForOrder" time="0.0" classname="org.broadleafcommerce.test.integration.OrderItemDaoTest"/>
  <testcase name="readOrderItemsById" time="0.0" classname="org.broadleafcommerce.test.integration.OrderItemDaoTest"/>
  <testcase name="createFulfillmentGroupItem" time="0.0" classname="org.broadleafcommerce.test.integration.FulfillmentGroupItemDaoTest"/>
  <testcase name="readFulfillmentGroupItemsById" time="0.0" classname="org.broadleafcommerce.test.integration.FulfillmentGroupItemDaoTest"/>
  <testcase name="readFulfillmentGroupItemsForFulfillmentGroup" time="0.0" classname="org.broadleafcommerce.test.integration.FulfillmentGroupItemDaoTest"/>
  <testcase name="readAvailableSkusForLocation" time="0.0" classname="org.broadleafcommerce.inventory.test.SkuAvailabilityTest"/>
  <testcase name="testSynchronousEmail" time="0.187" classname="org.broadleafcommerce.email.test.EmailTest"/>
  <testcase name="testSuccessfulAddress" time="0.14" classname="org.broadleafcommerce.profile.test.USPSAddressStandardizationServiceTest"/>
  <testcase name="testBadAddress" time="0.109" classname="org.broadleafcommerce.profile.test.USPSAddressStandardizationServiceTest"/>
  <testcase name="test" time="0.125" classname="org.broadleafcommerce.test.integration.ExtensibilityTest"/>
  <testcase name="testMappings" time="0.0" classname="org.broadleafcommerce.test.integration.OrmTest"/>
  <testcase name="testReadProductsById" time="0.0" classname="org.broadleafcommerce.test.integration.ProductDaoTest"/>
  <testcase name="testReadProductsByName" time="0.0" classname="org.broadleafcommerce.test.integration.ProductDaoTest"/>
</testsuite>
